#
# A fatal error has been detected by the Java Runtime Environment:
#
#  SIGILL (0x4) at pc=0x00007fff2b331abc, pid=12318, tid=55359
#
# JRE version: OpenJDK Runtime Environment (14.0.1+14) (build 14.0.1+14)
# Java VM: OpenJDK 64-Bit Server VM (14.0.1+14, mixed mode, sharing, tiered, compressed oops, g1 gc, bsd-amd64)
# Problematic frame:
# C  [AppKit+0x3e5abc]  -[NSOpenGLContext setView:]+0xe5
#
# No core dump will be written. Core dumps have been disabled. To enable core dumping, try "ulimit -c unlimited" before starting Java again
#
# If you would like to submit a bug report, please visit:
#   https://bugreport.java.com/bugreport/crash.jsp
# The crash happened outside the Java Virtual Machine in native code.
# See problematic frame for where to report the bug.
#

---------------  S U M M A R Y ------------

Command Line: -Dgroovy.jaxb=jaxb -Dscript.name=/usr/local/Cellar/groovy/3.0.5/libexec/bin/groovyConsole -Dprogram.name=groovyConsole -Dgroovy.starter.conf=/usr/local/opt/groovy/libexec/conf/groovy-starter.conf -Dgroovy.home=/usr/local/opt/groovy/libexec -Dtools.jar=/usr/local/opt/openjdk/libexec/openjdk.jdk/Contents/Home/lib/tools.jar org.codehaus.groovy.tools.GroovyStarter --main groovy.console.ui.Console --conf /usr/local/opt/groovy/libexec/conf/groovy-starter.conf --classpath .

Host: MacBookPro12,1 x86_64 2700 MHz, 4 cores, 8G, Darwin 19.6.0
Time: Sun Oct  4 09:16:07 2020 MSK elapsed time: 52868 seconds (0d 14h 41m 8s)

---------------  T H R E A D  ---------------

Current thread (0x00007fe6b5fff800):  JavaThread "Java2D Queue Flusher" daemon [_thread_in_native, id=55359, stack(0x000070000fd21000,0x000070000fe21000)]

Stack: [0x000070000fd21000,0x000070000fe21000],  sp=0x000070000fe20820,  free space=1022k
Native frames: (J=compiled Java code, A=aot compiled Java code, j=interpreted, Vv=VM code, C=native code)
C  [AppKit+0x3e5abc]  -[NSOpenGLContext setView:]+0xe5
C  [libawt_lwawt.dylib+0x2120f]  CGLSD_MakeCurrentToScratch+0x45
C  [libawt_lwawt.dylib+0x21318]  OGLSD_MakeOGLContextCurrent+0x58
C  [libawt_lwawt.dylib+0x40481]  OGLContext_SetSurfaces+0x85
C  [libawt_lwawt.dylib+0x43f1d]  Java_sun_java2d_opengl_OGLRenderQueue_flushBuffer+0x62d
J 5769  sun.java2d.opengl.OGLRenderQueue.flushBuffer(JI)V java.desktop@14.0.1 (0 bytes) @ 0x000000011feb6f5d [0x000000011feb6ea0+0x00000000000000bd]
J 5946 c1 sun.java2d.opengl.OGLRenderQueue.flushBuffer()V java.desktop@14.0.1 (41 bytes) @ 0x00000001192b151c [0x00000001192b13e0+0x000000000000013c]
j  sun.java2d.opengl.OGLRenderQueue$QueueFlusher.run()V+81 java.desktop@14.0.1
j  java.lang.Thread.run()V+11 java.base@14.0.1
v  ~StubRoutines::call_stub
V  [libjvm.dylib+0x35a5e7]  _ZN9JavaCalls11call_helperEP9JavaValueRK12methodHandleP17JavaCallArgumentsP6Thread+0x255
V  [libjvm.dylib+0x3599f0]  _ZN9JavaCalls12call_virtualEP9JavaValueP5KlassP6SymbolS5_P17JavaCallArgumentsP6Thread+0xfe
V  [libjvm.dylib+0x359aaa]  _ZN9JavaCalls12call_virtualEP9JavaValue6HandleP5KlassP6SymbolS6_P6Thread+0x62
V  [libjvm.dylib+0x3e9f23]  _ZL12thread_entryP10JavaThreadP6Thread+0x78
V  [libjvm.dylib+0x770436]  _ZN10JavaThread17thread_main_innerEv+0x86
V  [libjvm.dylib+0x77027a]  _ZN10JavaThread3runEv+0x11c
V  [libjvm.dylib+0x76e0d7]  _ZN6Thread8call_runEv+0x71
V  [libjvm.dylib+0x605d1d]  _ZL19thread_native_entryP6Thread+0x126
C  [libsystem_pthread.dylib+0x6109]  _pthread_start+0x94
C  [libsystem_pthread.dylib+0x1b8b]  thread_start+0xf

Java frames: (J=compiled Java code, j=interpreted, Vv=VM code)
J 5769  sun.java2d.opengl.OGLRenderQueue.flushBuffer(JI)V java.desktop@14.0.1 (0 bytes) @ 0x000000011feb6ee8 [0x000000011feb6ea0+0x0000000000000048]
J 5946 c1 sun.java2d.opengl.OGLRenderQueue.flushBuffer()V java.desktop@14.0.1 (41 bytes) @ 0x00000001192b151c [0x00000001192b13e0+0x000000000000013c]
j  sun.java2d.opengl.OGLRenderQueue$QueueFlusher.run()V+81 java.desktop@14.0.1
j  java.lang.Thread.run()V+11 java.base@14.0.1
v  ~StubRoutines::call_stub

siginfo: si_signo: 4 (SIGILL), si_code: 1 (ILL_ILLOPC), si_addr: 0x00007fff2b331abc

Register to memory mapping:

RAX=0x0 is NULL
RBX=0x00007fe6bae3ede0 points into unknown readable memory: 20 fd e4 ba e6 7f 00 00
RCX=0x0 is NULL
RDX=0x0 is NULL
RSP=0x000070000fe20820 is pointing into the stack for thread: 0x00007fe6b5fff800
RBP=0x000070000fe20870 is pointing into the stack for thread: 0x00007fe6b5fff800
RSI=0x000000001f08000c is an unknown value
RDI=0x0 is NULL
R8 =0x0 is NULL
R9 =0x0 is NULL
R10=0x0 is NULL
R11=0x0 is NULL
R12=0x00007fe6bb208038 points into unknown readable memory: 00 00 00 00 00 00 00 00
R13=0x00007fe6bb9281a0 points into unknown readable memory: e0 f5 32 17 01 00 00 00
R14=0x00007fe6b8945d10 points into unknown readable memory: 87 2a 04 85 ff ff 3d 00
R15=0x00007fe6bae4fd20 points into unknown readable memory: 85 f8 03 85 ff ff 3d 01


Registers:
RAX=0x0000000000000000, RBX=0x00007fe6bae3ede0, RCX=0x0000000000000000, RDX=0x0000000000000000
RSP=0x000070000fe20820, RBP=0x000070000fe20870, RSI=0x000000001f08000c, RDI=0x0000000000000000
R8 =0x0000000000000000, R9 =0x0000000000000000, R10=0x0000000000000000, R11=0x0000000000000000
R12=0x00007fe6bb208038, R13=0x00007fe6bb9281a0, R14=0x00007fe6b8945d10, R15=0x00007fe6bae4fd20
RIP=0x00007fff2b331abc, EFLAGS=0x0000000000010202, ERR=0x0000000000000000
  TRAPNO=0x0000000000000006

Top of Stack: (sp=0x000070000fe20820)
0x000070000fe20820:   000070000fe20830 00007fff66a4366a
0x000070000fe20830:   000070000fe20870 00007fff2b3312ac
0x000070000fe20840:   000070000fe208d8 0000000000000001
0x000070000fe20850:   000070000fe20870 00007fe6bae3ede0
0x000070000fe20860:   00007fe6b5fffb10 00007fe6b5fffb10
0x000070000fe20870:   000070000fe208a0 000000011730a20f
0x000070000fe20880:   00007fe6bae39b80 00007fe6bae44680
0x000070000fe20890:   00007fe6bae3ede0 00007fe6b5fffb10
0x000070000fe208a0:   000070000fe208e0 000000011730a318
0x000070000fe208b0:   0000000000000005 00007fe6b5fffb10
0x000070000fe208c0:   00007fe6bb9281a0 000070000fe20a58
0x000070000fe208d0:   00007fe6ba1c6218 00007fe6bb9281a0
0x000070000fe208e0:   000070000fe20920 0000000117329481
0x000070000fe208f0:   000000011732ceee 00007fe6ba1c6208
0x000070000fe20900:   00007fe6bb9281a0 000070000fe20a58
0x000070000fe20910:   00007fe6ba1c6218 00007fe6bb9281a0
0x000070000fe20920:   000070000fe20980 000000011732cf1d
0x000070000fe20930:   00007fe6b7c55000 000070000fe20a48
0x000070000fe20940:   00000000b5fff800 00007fe6ba1c6288
0x000070000fe20950:   00007fe6b5fffb10 000000016074fc98
0x000070000fe20960:   0000000000000000 000070000fe20a58
0x000070000fe20970:   000070000fe20ae0 00007fe6b5fff800
0x000070000fe20980:   000070000fe209d0 000000011feb6f5d
0x000070000fe20990:   000000078173f970 00007fe600000005
0x000070000fe209a0:   00007fe6b5fff800 000000010a3f4a01
0x000070000fe209b0:   00007fe6baa33ea0 000070000fe20a00
0x000070000fe209c0:   00000008003e9108 0000000000000000
0x000070000fe209d0:   000070000fe20ab8 00000001192b151c
0x000070000fe209e0:   000070000fe20a30 000000011fd89fdb
0x000070000fe209f0:   00000007817b8a88 000000011fe5af59
0x000070000fe20a00:   00000007817b8a88 000000012f6ebd4c
0x000070000fe20a10:   000070000fe20a58 000000012f6ebdd8 

Instructions: (pc=0x00007fff2b331abc)
0x00007fff2b3319bc:   c3 90 90 90 90 90 90 90 90 55 48 89 e5 48 8b 35
0x00007fff2b3319cc:   f0 01 cd 59 5d ff 25 71 bf 9b 59 55 48 89 e5 41
0x00007fff2b3319dc:   57 41 56 53 48 83 ec 38 49 89 d6 49 89 ff 8a 05
0x00007fff2b3319ec:   a8 1b d4 59 84 c0 0f 84 90 00 00 00 04 fe 84 c0
0x00007fff2b3319fc:   75 0d e8 59 03 78 00 85 c0 0f 84 a5 00 00 00 48
0x00007fff2b331a0c:   8b 35 6e f0 cb 59 4c 89 ff ff 15 2d bf 9b 59 49
0x00007fff2b331a1c:   8d 7f 08 e8 7c 01 78 00 4c 39 f0 74 3e 48 8b 0d
0x00007fff2b331a2c:   08 a6 9b 59 48 8d 7d b0 48 89 0f b9 00 00 00 c2
0x00007fff2b331a3c:   48 89 4f 08 48 8d 0d 63 31 32 00 48 89 4f 10 48
0x00007fff2b331a4c:   8d 0d 4e 40 9c 59 48 89 4f 18 48 89 47 20 4c 89
0x00007fff2b331a5c:   7f 28 4c 89 77 30 e8 83 38 cb ff 31 db 48 8b 35
0x00007fff2b331a6c:   18 f0 cb 59 4c 89 ff ff 15 cf be 9b 59 84 db 75
0x00007fff2b331a7c:   2c 48 83 c4 38 5b 41 5e 41 5f 5d c3 48 8d 3d f9
0x00007fff2b331a8c:   ac a1 59 48 8d 15 02 1b d4 59 48 8d 0d d8 39 32
0x00007fff2b331a9c:   00 31 f6 e8 80 e9 c1 ff e9 51 ff ff ff e8 c2 00
0x00007fff2b331aac:   78 00 0f 0b 48 8d 3d 13 70 7f 00 e8 14 fb 77 00
0x00007fff2b331abc:   0f 0b 49 89 c6 eb 13 48 89 c7 e8 75 00 78 00 b3
0x00007fff2b331acc:   01 eb 9a 49 89 c6 84 db 74 05 e8 89 00 78 00 4c
0x00007fff2b331adc:   89 f7 e8 0f fa 77 00 0f 0b e8 58 01 78 00 55 48
0x00007fff2b331aec:   89 e5 41 57 41 56 41 54 53 41 89 f6 48 89 fb 48
0x00007fff2b331afc:   83 c7 08 e8 9c 00 78 00 49 89 c7 48 89 df e8 45
0x00007fff2b331b0c:   00 00 00 49 89 c4 4c 89 ff 31 f6 e8 88 00 00 00
0x00007fff2b331b1c:   49 89 c7 45 0f be f6 4d 85 e4 74 0b 48 89 df 44
0x00007fff2b331b2c:   89 f6 e8 42 97 04 00 4d 85 ff 74 13 48 89 df 44
0x00007fff2b331b3c:   89 f6 5b 41 5c 41 5e 41 5f 5d e9 e5 48 04 00 5b
0x00007fff2b331b4c:   41 5c 41 5e 41 5f 5d c3 55 48 89 e5 41 56 53 48
0x00007fff2b331b5c:   89 fb 4c 8d 35 93 67 d3 59 4c 89 f7 e8 01 02 78
0x00007fff2b331b6c:   00 48 8b 3d 1c 1a d4 59 48 8b 35 8d c8 cb 59 48
0x00007fff2b331b7c:   89 da ff 15 c4 bd 9b 59 48 89 c7 ff 15 cb bd 9b
0x00007fff2b331b8c:   59 48 89 c3 4c 89 f7 e8 dc 01 78 00 48 89 df 5b
0x00007fff2b331b9c:   41 5e 5d e9 84 ff 77 00 55 48 89 e5 41 57 41 56
0x00007fff2b331bac:   53 50 41 89 f7 49 89 fe 48 8d 3d fd 66 d3 59 e8 


Stack slot to memory mapping:
stack at sp + 0 slots: 0x000070000fe20830 is pointing into the stack for thread: 0x00007fe6b5fff800
stack at sp + 1 slots: 0x00007fff66a4366a: class_respondsToSelector_inst+0x1a in /usr/lib/libobjc.A.dylib at 0x00007fff66a38000
stack at sp + 2 slots: 0x000070000fe20870 is pointing into the stack for thread: 0x00007fe6b5fff800
stack at sp + 3 slots: 0x00007fff2b3312ac: -[NSOpenGLContext makeCurrentContext]+0x125 in /System/Library/Frameworks/AppKit.framework/Versions/C/AppKit at 0x00007fff2af4c000
stack at sp + 4 slots: 0x000070000fe208d8 is pointing into the stack for thread: 0x00007fe6b5fff800
stack at sp + 5 slots: 0x0000000000000001 is an unknown value
stack at sp + 6 slots: 0x000070000fe20870 is pointing into the stack for thread: 0x00007fe6b5fff800
stack at sp + 7 slots: 0x00007fe6bae3ede0 points into unknown readable memory: 20 fd e4 ba e6 7f 00 00


---------------  P R O C E S S  ---------------

Threads class SMR info:
_java_thread_list=0x00007fe6b9d9bc10, length=19, elements={
0x00007fe6b6048000, 0x00007fe6b8008800, 0x00007fe6b604a000, 0x00007fe6b604e000,
0x00007fe6b604f000, 0x00007fe6b582e000, 0x00007fe6b5820000, 0x00007fe6b5851000,
0x00007fe6b5855000, 0x00007fe6b65b8800, 0x00007fe6b661f000, 0x00007fe6b82a7800,
0x00007fe6b5fff800, 0x00007fe6b824b000, 0x00007fe6ba1f6800, 0x00007fe6b6809000,
0x00007fe6b5bfd800, 0x00007fe6b5dfe000, 0x00007fe6b6783800
}

Java Threads: ( => current thread )
  0x00007fe6b6048000 JavaThread "Reference Handler" daemon [_thread_blocked, id=18179, stack(0x000070000ea62000,0x000070000eb62000)]
  0x00007fe6b8008800 JavaThread "Finalizer" daemon [_thread_blocked, id=15107, stack(0x000070000eb65000,0x000070000ec65000)]
  0x00007fe6b604a000 JavaThread "Signal Dispatcher" daemon [_thread_blocked, id=42755, stack(0x000070000ed6e000,0x000070000ee6e000)]
  0x00007fe6b604e000 JavaThread "Service Thread" daemon [_thread_blocked, id=23043, stack(0x000070000ee71000,0x000070000ef71000)]
  0x00007fe6b604f000 JavaThread "C2 CompilerThread0" daemon [_thread_in_native, id=42243, stack(0x000070000ef74000,0x000070000f074000)]
  0x00007fe6b582e000 JavaThread "C1 CompilerThread0" daemon [_thread_blocked, id=23811, stack(0x000070000f077000,0x000070000f177000)]
  0x00007fe6b5820000 JavaThread "Sweeper thread" daemon [_thread_blocked, id=24579, stack(0x000070000f17a000,0x000070000f27a000)]
  0x00007fe6b5851000 JavaThread "Notification Thread" daemon [_thread_blocked, id=41731, stack(0x000070000f27d000,0x000070000f37d000)]
  0x00007fe6b5855000 JavaThread "Common-Cleaner" daemon [_thread_blocked, id=25859, stack(0x000070000f483000,0x000070000f583000)]
  0x00007fe6b65b8800 JavaThread "Timer-0" daemon [_thread_blocked, id=39427, stack(0x000070000f88f000,0x000070000f98f000)]
  0x00007fe6b661f000 JavaThread "AppKit Thread" daemon [_thread_in_native, id=775, stack(0x00007ffee5fd7000,0x00007ffee67d7000)]
  0x00007fe6b82a7800 JavaThread "AWT-Shutdown" [_thread_blocked, id=31775, stack(0x000070000f992000,0x000070000fa92000)]
=>0x00007fe6b5fff800 JavaThread "Java2D Queue Flusher" daemon [_thread_in_native, id=55359, stack(0x000070000fd21000,0x000070000fe21000)]
  0x00007fe6b824b000 JavaThread "Java2D Disposer" daemon [_thread_blocked, id=66823, stack(0x000070000fe24000,0x000070000ff24000)]
  0x00007fe6ba1f6800 JavaThread "AWT-EventQueue-0" [_thread_blocked, id=66119, stack(0x000070000ff27000,0x0000700010027000)]
  0x00007fe6b6809000 JavaThread "DestroyJavaVM" [_thread_blocked, id=7683, stack(0x000070000e34d000,0x000070000e44d000)]
  0x00007fe6b5bfd800 JavaThread "TimerQueue" daemon [_thread_blocked, id=63911, stack(0x0000700010230000,0x0000700010330000)]
  0x00007fe6b5dfe000 JavaThread "Image Fetcher 0" daemon [_thread_blocked, id=87083, stack(0x000070000fc1e000,0x000070000fd1e000)]
  0x00007fe6b6783800 JavaThread "C2 CompilerThread1" daemon [_thread_blocked, id=17579, stack(0x0000700010333000,0x0000700010433000)]

Other Threads:
  0x00007fe6b6047800 VMThread "VM Thread" [stack: 0x000070000e95f000,0x000070000ea5f000] [id=14339]
  0x00007fe6b5854000 WatcherThread [stack: 0x000070000f380000,0x000070000f480000] [id=25347]
  0x00007fe6b682e000 GCTaskThread "GC Thread#0" [stack: 0x000070000e450000,0x000070000e550000] [id=19203]
  0x00007fe6b812c800 GCTaskThread "GC Thread#1" [stack: 0x000070000f689000,0x000070000f789000] [id=26627]
  0x00007fe6b812d000 GCTaskThread "GC Thread#2" [stack: 0x000070000f78c000,0x000070000f88c000] [id=40195]
  0x00007fe6b6698000 GCTaskThread "GC Thread#3" [stack: 0x000070000f586000,0x000070000f686000] [id=72715]
  0x00007fe6b6009800 ConcurrentGCThread "G1 Main Marker" [stack: 0x000070000e553000,0x000070000e653000] [id=12291]
  0x00007fe6b601c000 ConcurrentGCThread "G1 Conc#0" [stack: 0x000070000e656000,0x000070000e756000] [id=13059]
  0x00007fe6b687f000 ConcurrentGCThread "G1 Refine#0" [stack: 0x000070000e759000,0x000070000e859000] [id=18691]
  0x00007fe6b8313000 ConcurrentGCThread "G1 Refine#1" [stack: 0x000070001002a000,0x000070001012a000] [id=65459]
  0x00007fe6b6b9d800 ConcurrentGCThread "G1 Refine#2" [stack: 0x000070001012d000,0x000070001022d000] [id=65031]
  0x00007fe6b601c800 ConcurrentGCThread "G1 Young RemSet Sampling" [stack: 0x000070000e85c000,0x000070000e95c000] [id=13827]

Threads with active compile tasks:
C2 CompilerThread0  52868252 6535       4       javax.swing.text.Utilities::getTabbedTextWidth (363 bytes)

VM state:not at safepoint (normal execution)

VM Mutex/Monitor currently owned by a thread: None

Heap address: 0x0000000780000000, size: 2048 MB, Compressed Oops mode: Zero based, Oop shift amount: 3
Narrow klass base: 0x0000000800000000, Narrow klass shift: 3
Compressed class space size: 1073741824 Address: 0x0000000800b19000

Heap:
 garbage-first heap   total 119808K, used 53155K [0x0000000780000000, 0x0000000800000000)
  region size 1024K, 9 young (9216K), 7 survivors (7168K)
 Metaspace       used 39106K, capacity 40806K, committed 41088K, reserved 1085440K
  class space    used 4938K, capacity 5668K, committed 5760K, reserved 1048576K
Heap Regions: E=young(eden), S=young(survivor), O=old, HS=humongous(starts), HC=humongous(continues), CS=collection set, F=free, OA=open archive, CA=closed archive, TAMS=top-at-mark-start (previous, next)
|   0|0x0000000780000000, 0x0000000780100000, 0x0000000780100000|100%| O|  |TAMS 0x0000000780100000, 0x0000000780100000| Untracked 
|   1|0x0000000780100000, 0x0000000780200000, 0x0000000780200000|100%| O|  |TAMS 0x0000000780200000, 0x0000000780200000| Untracked 
|   2|0x0000000780200000, 0x0000000780300000, 0x0000000780300000|100%| O|  |TAMS 0x0000000780300000, 0x0000000780300000| Untracked 
|   3|0x0000000780300000, 0x0000000780400000, 0x0000000780400000|100%| O|  |TAMS 0x0000000780400000, 0x0000000780400000| Untracked 
|   4|0x0000000780400000, 0x0000000780500000, 0x0000000780500000|100%| O|  |TAMS 0x0000000780500000, 0x0000000780500000| Untracked 
|   5|0x0000000780500000, 0x0000000780600000, 0x0000000780600000|100%| O|  |TAMS 0x0000000780600000, 0x0000000780600000| Untracked 
|   6|0x0000000780600000, 0x0000000780700000, 0x0000000780700000|100%| O|  |TAMS 0x0000000780700000, 0x0000000780700000| Untracked 
|   7|0x0000000780700000, 0x0000000780800000, 0x0000000780800000|100%| O|  |TAMS 0x0000000780800000, 0x0000000780800000| Untracked 
|   8|0x0000000780800000, 0x0000000780900000, 0x0000000780900000|100%| O|  |TAMS 0x0000000780900000, 0x0000000780900000| Untracked 
|   9|0x0000000780900000, 0x0000000780a00000, 0x0000000780a00000|100%| O|  |TAMS 0x0000000780a00000, 0x0000000780a00000| Untracked 
|  10|0x0000000780a00000, 0x0000000780a70800, 0x0000000780b00000| 43%| O|  |TAMS 0x0000000780a70800, 0x0000000780a70800| Untracked 
|  11|0x0000000780b00000, 0x0000000780c00000, 0x0000000780c00000|100%| O|  |TAMS 0x0000000780c00000, 0x0000000780c00000| Untracked 
|  12|0x0000000780c00000, 0x0000000780d00000, 0x0000000780d00000|100%| O|  |TAMS 0x0000000780d00000, 0x0000000780d00000| Untracked 
|  13|0x0000000780d00000, 0x0000000780e00000, 0x0000000780e00000|100%| O|  |TAMS 0x0000000780e00000, 0x0000000780e00000| Untracked 
|  14|0x0000000780e00000, 0x0000000780f00000, 0x0000000780f00000|100%| O|  |TAMS 0x0000000780f00000, 0x0000000780f00000| Untracked 
|  15|0x0000000780f00000, 0x0000000781000000, 0x0000000781000000|100%| O|  |TAMS 0x0000000781000000, 0x0000000781000000| Untracked 
|  16|0x0000000781000000, 0x0000000781100000, 0x0000000781100000|100%| O|  |TAMS 0x0000000781100000, 0x0000000781100000| Untracked 
|  17|0x0000000781100000, 0x0000000781200000, 0x0000000781200000|100%| O|  |TAMS 0x0000000781200000, 0x0000000781200000| Untracked 
|  18|0x0000000781200000, 0x0000000781300000, 0x0000000781300000|100%| O|  |TAMS 0x0000000781300000, 0x0000000781300000| Untracked 
|  19|0x0000000781300000, 0x0000000781400000, 0x0000000781400000|100%| O|  |TAMS 0x0000000781400000, 0x0000000781400000| Untracked 
|  20|0x0000000781400000, 0x0000000781500000, 0x0000000781500000|100%| O|  |TAMS 0x0000000781500000, 0x0000000781500000| Untracked 
|  21|0x0000000781500000, 0x0000000781600000, 0x0000000781600000|100%| O|  |TAMS 0x0000000781600000, 0x0000000781600000| Untracked 
|  22|0x0000000781600000, 0x0000000781700000, 0x0000000781700000|100%| O|  |TAMS 0x0000000781700000, 0x0000000781700000| Untracked 
|  23|0x0000000781700000, 0x0000000781800000, 0x0000000781800000|100%| O|  |TAMS 0x0000000781800000, 0x0000000781800000| Untracked 
|  24|0x0000000781800000, 0x0000000781900000, 0x0000000781900000|100%| O|  |TAMS 0x0000000781900000, 0x0000000781900000| Untracked 
|  25|0x0000000781900000, 0x0000000781a00000, 0x0000000781a00000|100%| O|  |TAMS 0x0000000781a00000, 0x0000000781a00000| Untracked 
|  26|0x0000000781a00000, 0x0000000781b00000, 0x0000000781b00000|100%| O|  |TAMS 0x0000000781b00000, 0x0000000781b00000| Untracked 
|  27|0x0000000781b00000, 0x0000000781c00000, 0x0000000781c00000|100%| O|  |TAMS 0x0000000781c00000, 0x0000000781c00000| Untracked 
|  28|0x0000000781c00000, 0x0000000781d00000, 0x0000000781d00000|100%| O|  |TAMS 0x0000000781d00000, 0x0000000781d00000| Untracked 
|  29|0x0000000781d00000, 0x0000000781e00000, 0x0000000781e00000|100%| O|  |TAMS 0x0000000781e00000, 0x0000000781e00000| Untracked 
|  30|0x0000000781e00000, 0x0000000781f00000, 0x0000000781f00000|100%| O|  |TAMS 0x0000000781f00000, 0x0000000781f00000| Untracked 
|  31|0x0000000781f00000, 0x0000000782000000, 0x0000000782000000|100%| O|  |TAMS 0x0000000782000000, 0x0000000782000000| Untracked 
|  32|0x0000000782000000, 0x0000000782100000, 0x0000000782100000|100%| O|  |TAMS 0x000000078208a000, 0x0000000782100000| Untracked 
|  33|0x0000000782100000, 0x0000000782200000, 0x0000000782200000|100%| O|  |TAMS 0x0000000782100000, 0x0000000782200000| Untracked 
|  34|0x0000000782200000, 0x0000000782300000, 0x0000000782300000|100%| O|  |TAMS 0x0000000782200000, 0x0000000782300000| Untracked 
|  35|0x0000000782300000, 0x0000000782400000, 0x0000000782400000|100%| O|  |TAMS 0x0000000782300000, 0x0000000782400000| Untracked 
|  36|0x0000000782400000, 0x0000000782500000, 0x0000000782500000|100%| O|  |TAMS 0x0000000782400000, 0x0000000782500000| Untracked 
|  37|0x0000000782500000, 0x0000000782600000, 0x0000000782600000|100%| O|  |TAMS 0x0000000782500000, 0x0000000782600000| Untracked 
|  38|0x0000000782600000, 0x0000000782700000, 0x0000000782700000|100%| O|  |TAMS 0x0000000782600000, 0x00000007826c4400| Untracked 
|  39|0x0000000782700000, 0x0000000782800000, 0x0000000782800000|100%|HS|  |TAMS 0x0000000782700000, 0x0000000782800000| Complete 
|  40|0x0000000782800000, 0x0000000782900000, 0x0000000782900000|100%| O|  |TAMS 0x0000000782800000, 0x0000000782800000| Untracked 
|  41|0x0000000782900000, 0x0000000782a00000, 0x0000000782a00000|100%| O|  |TAMS 0x0000000782900000, 0x0000000782900000| Untracked 
|  42|0x0000000782a00000, 0x0000000782b00000, 0x0000000782b00000|100%| O|  |TAMS 0x0000000782a00000, 0x0000000782a00000| Untracked 
|  43|0x0000000782b00000, 0x0000000782baa400, 0x0000000782c00000| 66%| O|  |TAMS 0x0000000782b00000, 0x0000000782b00000| Untracked 
|  44|0x0000000782c00000, 0x0000000782c00000, 0x0000000782d00000|  0%| F|  |TAMS 0x0000000782c00000, 0x0000000782c00000| Untracked 
|  45|0x0000000782d00000, 0x0000000782d00000, 0x0000000782e00000|  0%| F|  |TAMS 0x0000000782d00000, 0x0000000782d00000| Untracked 
|  46|0x0000000782e00000, 0x0000000782e00000, 0x0000000782f00000|  0%| F|  |TAMS 0x0000000782e00000, 0x0000000782e00000| Untracked 
|  47|0x0000000782f00000, 0x0000000782f00000, 0x0000000783000000|  0%| F|  |TAMS 0x0000000782f00000, 0x0000000782f00000| Untracked 
|  48|0x0000000783000000, 0x0000000783000000, 0x0000000783100000|  0%| F|  |TAMS 0x0000000783000000, 0x0000000783000000| Untracked 
|  49|0x0000000783100000, 0x0000000783100000, 0x0000000783200000|  0%| F|  |TAMS 0x0000000783100000, 0x0000000783100000| Untracked 
|  50|0x0000000783200000, 0x0000000783200000, 0x0000000783300000|  0%| F|  |TAMS 0x0000000783200000, 0x0000000783200000| Untracked 
|  51|0x0000000783300000, 0x0000000783300000, 0x0000000783400000|  0%| F|  |TAMS 0x0000000783300000, 0x0000000783300000| Untracked 
|  52|0x0000000783400000, 0x0000000783400000, 0x0000000783500000|  0%| F|  |TAMS 0x0000000783400000, 0x0000000783400000| Untracked 
|  53|0x0000000783500000, 0x0000000783500000, 0x0000000783600000|  0%| F|  |TAMS 0x0000000783500000, 0x0000000783500000| Untracked 
|  54|0x0000000783600000, 0x0000000783600000, 0x0000000783700000|  0%| F|  |TAMS 0x0000000783600000, 0x0000000783600000| Untracked 
|  55|0x0000000783700000, 0x0000000783700000, 0x0000000783800000|  0%| F|  |TAMS 0x0000000783700000, 0x0000000783700000| Untracked 
|  56|0x0000000783800000, 0x0000000783800000, 0x0000000783900000|  0%| F|  |TAMS 0x0000000783800000, 0x0000000783800000| Untracked 
|  57|0x0000000783900000, 0x0000000783900000, 0x0000000783a00000|  0%| F|  |TAMS 0x0000000783900000, 0x0000000783900000| Untracked 
|  58|0x0000000783a00000, 0x0000000783b00000, 0x0000000783b00000|100%| S|CS|TAMS 0x0000000783a00000, 0x0000000783a00000| Complete 
|  59|0x0000000783b00000, 0x0000000783c00000, 0x0000000783c00000|100%| S|CS|TAMS 0x0000000783b00000, 0x0000000783b00000| Complete 
|  60|0x0000000783c00000, 0x0000000783d00000, 0x0000000783d00000|100%| S|CS|TAMS 0x0000000783c00000, 0x0000000783c00000| Complete 
|  61|0x0000000783d00000, 0x0000000783e00000, 0x0000000783e00000|100%| S|CS|TAMS 0x0000000783d00000, 0x0000000783d00000| Complete 
|  62|0x0000000783e00000, 0x0000000783f00000, 0x0000000783f00000|100%| S|CS|TAMS 0x0000000783e00000, 0x0000000783e00000| Complete 
|  63|0x0000000783f00000, 0x0000000784000000, 0x0000000784000000|100%| S|CS|TAMS 0x0000000783f00000, 0x0000000783f00000| Complete 
|  64|0x0000000784000000, 0x0000000784100000, 0x0000000784100000|100%| S|CS|TAMS 0x0000000784000000, 0x0000000784000000| Complete 
|  65|0x0000000784100000, 0x0000000784100000, 0x0000000784200000|  0%| F|  |TAMS 0x0000000784100000, 0x0000000784100000| Untracked 
|  66|0x0000000784200000, 0x0000000784200000, 0x0000000784300000|  0%| F|  |TAMS 0x0000000784200000, 0x0000000784200000| Untracked 
|  67|0x0000000784300000, 0x0000000784300000, 0x0000000784400000|  0%| F|  |TAMS 0x0000000784300000, 0x0000000784300000| Untracked 
|  68|0x0000000784400000, 0x0000000784400000, 0x0000000784500000|  0%| F|  |TAMS 0x0000000784400000, 0x0000000784400000| Untracked 
|  69|0x0000000784500000, 0x0000000784500000, 0x0000000784600000|  0%| F|  |TAMS 0x0000000784500000, 0x0000000784500000| Untracked 
|  70|0x0000000784600000, 0x0000000784600000, 0x0000000784700000|  0%| F|  |TAMS 0x0000000784600000, 0x0000000784600000| Untracked 
|  71|0x0000000784700000, 0x0000000784700000, 0x0000000784800000|  0%| F|  |TAMS 0x0000000784700000, 0x0000000784700000| Untracked 
|  72|0x0000000784800000, 0x0000000784800000, 0x0000000784900000|  0%| F|  |TAMS 0x0000000784800000, 0x0000000784800000| Untracked 
|  73|0x0000000784900000, 0x0000000784900000, 0x0000000784a00000|  0%| F|  |TAMS 0x0000000784900000, 0x0000000784900000| Untracked 
|  74|0x0000000784a00000, 0x0000000784a00000, 0x0000000784b00000|  0%| F|  |TAMS 0x0000000784a00000, 0x0000000784a00000| Untracked 
|  75|0x0000000784b00000, 0x0000000784b00000, 0x0000000784c00000|  0%| F|  |TAMS 0x0000000784b00000, 0x0000000784b00000| Untracked 
|  76|0x0000000784c00000, 0x0000000784c00000, 0x0000000784d00000|  0%| F|  |TAMS 0x0000000784c00000, 0x0000000784c00000| Untracked 
|  77|0x0000000784d00000, 0x0000000784d00000, 0x0000000784e00000|  0%| F|  |TAMS 0x0000000784d00000, 0x0000000784d00000| Untracked 
|  78|0x0000000784e00000, 0x0000000784e00000, 0x0000000784f00000|  0%| F|  |TAMS 0x0000000784e00000, 0x0000000784e00000| Untracked 
|  79|0x0000000784f00000, 0x0000000784f00000, 0x0000000785000000|  0%| F|  |TAMS 0x0000000784f00000, 0x0000000784f00000| Untracked 
|  80|0x0000000785000000, 0x0000000785000000, 0x0000000785100000|  0%| F|  |TAMS 0x0000000785000000, 0x0000000785000000| Untracked 
|  81|0x0000000785100000, 0x0000000785100000, 0x0000000785200000|  0%| F|  |TAMS 0x0000000785100000, 0x0000000785100000| Untracked 
|  82|0x0000000785200000, 0x0000000785200000, 0x0000000785300000|  0%| F|  |TAMS 0x0000000785200000, 0x0000000785200000| Untracked 
|  83|0x0000000785300000, 0x0000000785300000, 0x0000000785400000|  0%| F|  |TAMS 0x0000000785300000, 0x0000000785300000| Untracked 
|  84|0x0000000785400000, 0x0000000785400000, 0x0000000785500000|  0%| F|  |TAMS 0x0000000785400000, 0x0000000785400000| Untracked 
|  85|0x0000000785500000, 0x0000000785500000, 0x0000000785600000|  0%| F|  |TAMS 0x0000000785500000, 0x0000000785500000| Untracked 
|  86|0x0000000785600000, 0x0000000785600000, 0x0000000785700000|  0%| F|  |TAMS 0x0000000785600000, 0x0000000785600000| Untracked 
|  87|0x0000000785700000, 0x0000000785700000, 0x0000000785800000|  0%| F|  |TAMS 0x0000000785700000, 0x0000000785700000| Untracked 
|  88|0x0000000785800000, 0x0000000785800000, 0x0000000785900000|  0%| F|  |TAMS 0x0000000785800000, 0x0000000785800000| Untracked 
|  89|0x0000000785900000, 0x0000000785900000, 0x0000000785a00000|  0%| F|  |TAMS 0x0000000785900000, 0x0000000785900000| Untracked 
|  90|0x0000000785a00000, 0x0000000785a00000, 0x0000000785b00000|  0%| F|  |TAMS 0x0000000785a00000, 0x0000000785a00000| Untracked 
|  91|0x0000000785b00000, 0x0000000785b00000, 0x0000000785c00000|  0%| F|  |TAMS 0x0000000785b00000, 0x0000000785b00000| Untracked 
|  92|0x0000000785c00000, 0x0000000785c00000, 0x0000000785d00000|  0%| F|  |TAMS 0x0000000785c00000, 0x0000000785c00000| Untracked 
|  93|0x0000000785d00000, 0x0000000785d00000, 0x0000000785e00000|  0%| F|  |TAMS 0x0000000785d00000, 0x0000000785d00000| Untracked 
|  94|0x0000000785e00000, 0x0000000785e00000, 0x0000000785f00000|  0%| F|  |TAMS 0x0000000785e00000, 0x0000000785e00000| Untracked 
|  95|0x0000000785f00000, 0x0000000785f00000, 0x0000000786000000|  0%| F|  |TAMS 0x0000000785f00000, 0x0000000785f00000| Untracked 
|  96|0x0000000786000000, 0x0000000786000000, 0x0000000786100000|  0%| F|  |TAMS 0x0000000786000000, 0x0000000786000000| Untracked 
|  97|0x0000000786100000, 0x0000000786100000, 0x0000000786200000|  0%| F|  |TAMS 0x0000000786100000, 0x0000000786100000| Untracked 
|  98|0x0000000786200000, 0x0000000786200000, 0x0000000786300000|  0%| F|  |TAMS 0x0000000786200000, 0x0000000786200000| Untracked 
|  99|0x0000000786300000, 0x0000000786300000, 0x0000000786400000|  0%| F|  |TAMS 0x0000000786300000, 0x0000000786300000| Untracked 
| 100|0x0000000786400000, 0x0000000786400000, 0x0000000786500000|  0%| F|  |TAMS 0x0000000786400000, 0x0000000786400000| Untracked 
| 101|0x0000000786500000, 0x0000000786500000, 0x0000000786600000|  0%| F|  |TAMS 0x0000000786500000, 0x0000000786500000| Untracked 
| 102|0x0000000786600000, 0x0000000786600000, 0x0000000786700000|  0%| F|  |TAMS 0x0000000786600000, 0x0000000786600000| Untracked 
| 103|0x0000000786700000, 0x0000000786700000, 0x0000000786800000|  0%| F|  |TAMS 0x0000000786700000, 0x0000000786700000| Untracked 
| 104|0x0000000786800000, 0x0000000786800000, 0x0000000786900000|  0%| F|  |TAMS 0x0000000786800000, 0x0000000786800000| Untracked 
| 105|0x0000000786900000, 0x0000000786900000, 0x0000000786a00000|  0%| F|  |TAMS 0x0000000786900000, 0x0000000786900000| Untracked 
| 106|0x0000000786a00000, 0x0000000786a00000, 0x0000000786b00000|  0%| F|  |TAMS 0x0000000786a00000, 0x0000000786a00000| Untracked 
| 107|0x0000000786b00000, 0x0000000786b00000, 0x0000000786c00000|  0%| F|  |TAMS 0x0000000786b00000, 0x0000000786b00000| Untracked 
| 108|0x0000000786c00000, 0x0000000786c00000, 0x0000000786d00000|  0%| F|  |TAMS 0x0000000786c00000, 0x0000000786c00000| Untracked 
| 109|0x0000000786d00000, 0x0000000786d00000, 0x0000000786e00000|  0%| F|  |TAMS 0x0000000786d00000, 0x0000000786d00000| Untracked 
| 110|0x0000000786e00000, 0x0000000786e00000, 0x0000000786f00000|  0%| F|  |TAMS 0x0000000786e00000, 0x0000000786e00000| Untracked 
| 150|0x0000000789600000, 0x0000000789600000, 0x0000000789700000|  0%| F|  |TAMS 0x0000000789600000, 0x0000000789600000| Untracked 
| 151|0x0000000789700000, 0x0000000789700000, 0x0000000789800000|  0%| F|  |TAMS 0x0000000789700000, 0x0000000789700000| Untracked 
| 152|0x0000000789800000, 0x00000007898c1860, 0x0000000789900000| 75%| E|  |TAMS 0x0000000789800000, 0x0000000789800000| Complete 
| 153|0x0000000789900000, 0x0000000789a00000, 0x0000000789a00000|100%| E|CS|TAMS 0x0000000789900000, 0x0000000789900000| Complete 
|1022|0x00000007bfe00000, 0x00000007bfe52000, 0x00000007bff00000| 32%|OA|  |TAMS 0x00000007bfe52000, 0x00000007bfe52000| Untracked 
|1023|0x00000007bff00000, 0x00000007bff7c000, 0x00000007c0000000| 48%|CA|  |TAMS 0x00000007bff7c000, 0x00000007bff7c000| Untracked 

Card table byte_map: [0x0000000113b98000,0x0000000113f98000] _byte_map_base: 0x000000010ff98000

Marking Bits (Prev, Next): (CMBitMap*) 0x00007fe6b6008e18, (CMBitMap*) 0x00007fe6b6008e58
 Prev Bits: [0x0000000114398000, 0x0000000116398000)
 Next Bits: [0x00000001271b6000, 0x00000001291b6000)

Polling page: 0x000000010949a000

Metaspace:

Usage:
  Non-class:     34.31 MB capacity,    33.37 MB ( 97%) used,   846.37 KB (  2%) free+waste,   123.88 KB ( <1%) overhead. 
      Class:      5.54 MB capacity,     4.82 MB ( 87%) used,   661.70 KB ( 12%) free+waste,    67.88 KB (  1%) overhead. 
       Both:     39.85 MB capacity,    38.19 MB ( 96%) used,     1.47 MB (  4%) free+waste,   191.75 KB ( <1%) overhead. 

Virtual space:
  Non-class space:       36.00 MB reserved,      34.50 MB ( 96%) committed 
      Class space:        1.00 GB reserved,       5.62 MB ( <1%) committed 
             Both:        1.04 GB reserved,      40.12 MB (  4%) committed 

Chunk freelists:
   Non-Class:  78.00 KB
       Class:  0 bytes
        Both:  78.00 KB

MaxMetaspaceSize: unlimited
CompressedClassSpaceSize: 1.00 GB

CodeHeap 'non-profiled nmethods': size=120032Kb used=2764Kb max_used=2764Kb free=117267Kb
 bounds [0x000000011fc7e000, 0x000000011ff3e000, 0x00000001271b6000]
CodeHeap 'profiled nmethods': size=120028Kb used=13165Kb max_used=13165Kb free=106862Kb
 bounds [0x0000000118747000, 0x0000000119427000, 0x000000011fc7e000]
CodeHeap 'non-nmethods': size=5700Kb used=2493Kb max_used=2541Kb free=3206Kb
 bounds [0x00000001181b6000, 0x0000000118446000, 0x0000000118747000]
 total_blobs=8754 nmethods=6443 adapters=934
 compilation: enabled
              stopped_count=0, restarted_count=0
 full_count=0

Compilation events (20 events):
Event: 52868.200 Thread 0x00007fe6b582e000 nmethod 6548 0x000000011ff2d490 code [0x000000011ff2d620, 0x000000011ff2d6f0]
Event: 52868.200 Thread 0x00007fe6b582e000 6538       3       groovyjarjarantlr4.v4.runtime.Parser::enterRule (50 bytes)
Event: 52868.201 Thread 0x00007fe6b582e000 nmethod 6538 0x000000011941d090 code [0x000000011941d280, 0x000000011941daa0]
Event: 52868.201 Thread 0x00007fe6b582e000 6539       3       groovyjarjarantlr4.v4.runtime.Parser::addContextToParseTree (24 bytes)
Event: 52868.202 Thread 0x00007fe6b582e000 nmethod 6539 0x000000011941dc90 code [0x000000011941de40, 0x000000011941e260]
Event: 52868.202 Thread 0x00007fe6b582e000 6540       3       groovyjarjarantlr4.v4.runtime.Parser::exitRule (81 bytes)
Event: 52868.203 Thread 0x00007fe6b582e000 nmethod 6540 0x000000011941e390 code [0x000000011941e580, 0x000000011941ec40]
Event: 52868.203 Thread 0x00007fe6b582e000 6542       1       java.util.Spliterators$EmptySpliterator::characteristics (4 bytes)
Event: 52868.203 Thread 0x00007fe6b582e000 nmethod 6542 0x000000011ff2d790 code [0x000000011ff2d920, 0x000000011ff2d9f0]
Event: 52868.203 Thread 0x00007fe6b582e000 6541       1       org.apache.groovy.parser.antlr4.GroovyParser$GroovyParserRuleContext::getMetaDataMap (5 bytes)
Event: 52868.203 Thread 0x00007fe6b582e000 nmethod 6541 0x000000011ff2da90 code [0x000000011ff2dc20, 0x000000011ff2dcf0]
Event: 52868.203 Thread 0x00007fe6b582e000 6545       1       org.codehaus.groovy.ast.expr.VariableExpression::getAccessedVariable (5 bytes)
Event: 52868.203 Thread 0x00007fe6b582e000 nmethod 6545 0x000000011ff2dd90 code [0x000000011ff2df20, 0x000000011ff2dff0]
Event: 52868.204 Thread 0x00007fe6b6783800 nmethod 6533 0x000000011ff2e090 code [0x000000011ff2e240, 0x000000011ff2e3b8]
Event: 52868.204 Thread 0x00007fe6b6783800 6530       4       sun.swing.SwingUtilities2::getFRCProperty (38 bytes)
Event: 52868.204 Thread 0x00007fe6b582e000 6528       3       java.util.concurrent.locks.ReentrantReadWriteLock$Sync::isHeldExclusively (16 bytes)
Event: 52868.205 Thread 0x00007fe6b582e000 nmethod 6528 0x000000011941ee10 code [0x000000011941efa0, 0x000000011941f150]
Event: 52868.205 Thread 0x00007fe6b582e000 6536   !   3       groovyjarjarantlr4.v4.runtime.atn.LexerATNSimulator::match (110 bytes)
Event: 52868.206 Thread 0x00007fe6b582e000 nmethod 6536 0x000000011941f210 code [0x000000011941f440, 0x000000011941fdc0]
Event: 52868.206 Thread 0x00007fe6b582e000 6552       3       groovy.lang.Closure::getProperty (204 bytes)

GC Heap History (20 events):
Event: 0.810 GC heap before
{Heap before GC invocations=1 (full 0):
 garbage-first heap   total 133120K, used 19111K [0x0000000780000000, 0x0000000800000000)
  region size 1024K, 17 young (17408K), 2 survivors (2048K)
 Metaspace       used 7410K, capacity 8426K, committed 8576K, reserved 1056768K
  class space    used 750K, capacity 827K, committed 896K, reserved 1048576K
}
Event: 0.814 GC heap after
{Heap after GC invocations=2 (full 0):
 garbage-first heap   total 133120K, used 6505K [0x0000000780000000, 0x0000000800000000)
  region size 1024K, 2 young (2048K), 2 survivors (2048K)
 Metaspace       used 7410K, capacity 8426K, committed 8576K, reserved 1056768K
  class space    used 750K, capacity 827K, committed 896K, reserved 1048576K
}
Event: 1.462 GC heap before
{Heap before GC invocations=2 (full 0):
 garbage-first heap   total 133120K, used 44393K [0x0000000780000000, 0x0000000800000000)
  region size 1024K, 39 young (39936K), 2 survivors (2048K)
 Metaspace       used 11079K, capacity 11497K, committed 11776K, reserved 1060864K
  class space    used 1137K, capacity 1272K, committed 1280K, reserved 1048576K
}
Event: 1.474 GC heap after
{Heap after GC invocations=3 (full 0):
 garbage-first heap   total 133120K, used 11354K [0x0000000780000000, 0x0000000800000000)
  region size 1024K, 5 young (5120K), 5 survivors (5120K)
 Metaspace       used 11079K, capacity 11497K, committed 11776K, reserved 1060864K
  class space    used 1137K, capacity 1272K, committed 1280K, reserved 1048576K
}
Event: 1.789 GC heap before
{Heap before GC invocations=3 (full 0):
 garbage-first heap   total 133120K, used 75866K [0x0000000780000000, 0x0000000800000000)
  region size 1024K, 68 young (69632K), 5 survivors (5120K)
 Metaspace       used 12362K, capacity 12765K, committed 13056K, reserved 1060864K
  class space    used 1309K, capacity 1464K, committed 1536K, reserved 1048576K
}
Event: 1.801 GC heap after
{Heap after GC invocations=4 (full 0):
 garbage-first heap   total 133120K, used 13595K [0x0000000780000000, 0x0000000800000000)
  region size 1024K, 6 young (6144K), 6 survivors (6144K)
 Metaspace       used 12362K, capacity 12765K, committed 13056K, reserved 1060864K
  class space    used 1309K, capacity 1464K, committed 1536K, reserved 1048576K
}
Event: 2.589 GC heap before
{Heap before GC invocations=4 (full 0):
 garbage-first heap   total 133120K, used 85275K [0x0000000780000000, 0x0000000800000000)
  region size 1024K, 76 young (77824K), 6 survivors (6144K)
 Metaspace       used 15741K, capacity 16411K, committed 16768K, reserved 1064960K
  class space    used 1776K, capacity 2060K, committed 2176K, reserved 1048576K
}
Event: 2.601 GC heap after
{Heap after GC invocations=5 (full 0):
 garbage-first heap   total 159744K, used 17111K [0x0000000780000000, 0x0000000800000000)
  region size 1024K, 9 young (9216K), 9 survivors (9216K)
 Metaspace       used 15741K, capacity 16411K, committed 16768K, reserved 1064960K
  class space    used 1776K, capacity 2060K, committed 2176K, reserved 1048576K
}
Event: 8.217 GC heap before
{Heap before GC invocations=5 (full 0):
 garbage-first heap   total 159744K, used 67287K [0x0000000780000000, 0x0000000800000000)
  region size 1024K, 59 young (60416K), 9 survivors (9216K)
 Metaspace       used 20337K, capacity 21038K, committed 21248K, reserved 1067008K
  class space    used 2410K, capacity 2708K, committed 2816K, reserved 1048576K
}
Event: 8.236 GC heap after
{Heap after GC invocations=6 (full 0):
 garbage-first heap   total 159744K, used 23802K [0x0000000780000000, 0x0000000800000000)
  region size 1024K, 12 young (12288K), 12 survivors (12288K)
 Metaspace       used 20337K, capacity 21038K, committed 21248K, reserved 1067008K
  class space    used 2410K, capacity 2708K, committed 2816K, reserved 1048576K
}
Event: 8.811 GC heap before
{Heap before GC invocations=7 (full 0):
 garbage-first heap   total 99328K, used 70906K [0x0000000780000000, 0x0000000800000000)
  region size 1024K, 58 young (59392K), 12 survivors (12288K)
 Metaspace       used 23896K, capacity 24824K, committed 25088K, reserved 1071104K
  class space    used 2902K, capacity 3275K, committed 3328K, reserved 1048576K
}
Event: 8.834 GC heap after
{Heap after GC invocations=8 (full 0):
 garbage-first heap   total 99328K, used 29174K [0x0000000780000000, 0x0000000800000000)
  region size 1024K, 5 young (5120K), 5 survivors (5120K)
 Metaspace       used 23896K, capacity 24824K, committed 25088K, reserved 1071104K
  class space    used 2902K, capacity 3275K, committed 3328K, reserved 1048576K
}
Event: 9.253 GC heap before
{Heap before GC invocations=8 (full 0):
 garbage-first heap   total 99328K, used 71158K [0x0000000780000000, 0x0000000800000000)
  region size 1024K, 47 young (48128K), 5 survivors (5120K)
 Metaspace       used 27217K, capacity 28258K, committed 28544K, reserved 1073152K
  class space    used 3439K, capacity 3865K, committed 3968K, reserved 1048576K
}
Event: 9.265 GC heap after
{Heap after GC invocations=9 (full 0):
 garbage-first heap   total 99328K, used 32039K [0x0000000780000000, 0x0000000800000000)
  region size 1024K, 3 young (3072K), 3 survivors (3072K)
 Metaspace       used 27217K, capacity 28258K, committed 28544K, reserved 1073152K
  class space    used 3439K, capacity 3865K, committed 3968K, reserved 1048576K
}
Event: 11.189 GC heap before
{Heap before GC invocations=9 (full 0):
 garbage-first heap   total 99328K, used 74023K [0x0000000780000000, 0x0000000800000000)
  region size 1024K, 44 young (45056K), 3 survivors (3072K)
 Metaspace       used 33713K, capacity 35029K, committed 35328K, reserved 1079296K
  class space    used 4329K, capacity 4835K, committed 4864K, reserved 1048576K
}
Event: 11.205 GC heap after
{Heap after GC invocations=10 (full 0):
 garbage-first heap   total 119808K, used 39714K [0x0000000780000000, 0x0000000800000000)
  region size 1024K, 6 young (6144K), 6 survivors (6144K)
 Metaspace       used 33713K, capacity 35029K, committed 35328K, reserved 1079296K
  class space    used 4329K, capacity 4835K, committed 4864K, reserved 1048576K
}
Event: 11.351 GC heap before
{Heap before GC invocations=10 (full 0):
 garbage-first heap   total 119808K, used 47906K [0x0000000780000000, 0x0000000800000000)
  region size 1024K, 15 young (15360K), 6 survivors (6144K)
 Metaspace       used 34193K, capacity 35682K, committed 35840K, reserved 1081344K
  class space    used 4403K, capacity 4992K, committed 4992K, reserved 1048576K
}
Event: 11.365 GC heap after
{Heap after GC invocations=11 (full 0):
 garbage-first heap   total 119808K, used 40971K [0x0000000780000000, 0x0000000800000000)
  region size 1024K, 1 young (1024K), 1 survivors (1024K)
 Metaspace       used 34193K, capacity 35682K, committed 35840K, reserved 1081344K
  class space    used 4403K, capacity 4992K, committed 4992K, reserved 1048576K
}
Event: 52868.121 GC heap before
{Heap before GC invocations=12 (full 0):
 garbage-first heap   total 119808K, used 91147K [0x0000000780000000, 0x0000000800000000)
  region size 1024K, 50 young (51200K), 1 survivors (1024K)
 Metaspace       used 39083K, capacity 40800K, committed 41088K, reserved 1085440K
  class space    used 4937K, capacity 5666K, committed 5760K, reserved 1048576K
}
Event: 52868.184 GC heap after
{Heap after GC invocations=13 (full 0):
 garbage-first heap   total 119808K, used 52131K [0x0000000780000000, 0x0000000800000000)
  region size 1024K, 7 young (7168K), 7 survivors (7168K)
 Metaspace       used 39083K, capacity 40800K, committed 41088K, reserved 1085440K
  class space    used 4937K, capacity 5666K, committed 5760K, reserved 1048576K
}

Deoptimization events (20 events):
Event: 52866.781 Thread 0x00007fe6ba1f6800 Uncommon trap: trap_request=0xffffffbe fr.pc=0x000000011fe1e8ec relative=0x000000000000022c
Event: 52866.781 Thread 0x00007fe6ba1f6800 Uncommon trap: reason=profile_predicate action=maybe_recompile pc=0x000000011fe1e8ec method=java.util.regex.Pattern$Slice.match(Ljava/util/regex/Matcher;ILjava/lang/CharSequence;)Z @ 18 c2
Event: 52866.781 Thread 0x00007fe6ba1f6800 DEOPT PACKING pc=0x000000011fe1e8ec sp=0x0000700010023fe0
Event: 52866.781 Thread 0x00007fe6ba1f6800 DEOPT UNPACKING pc=0x00000001181fee25 sp=0x0000700010023f90 mode 2
Event: 52866.794 Thread 0x00007fe6ba1f6800 Uncommon trap: trap_request=0xffffffbe fr.pc=0x000000011fe1e8ec relative=0x000000000000022c
Event: 52866.794 Thread 0x00007fe6ba1f6800 Uncommon trap: reason=profile_predicate action=maybe_recompile pc=0x000000011fe1e8ec method=java.util.regex.Pattern$Slice.match(Ljava/util/regex/Matcher;ILjava/lang/CharSequence;)Z @ 18 c2
Event: 52866.794 Thread 0x00007fe6ba1f6800 DEOPT PACKING pc=0x000000011fe1e8ec sp=0x0000700010023fe0
Event: 52866.794 Thread 0x00007fe6ba1f6800 DEOPT UNPACKING pc=0x00000001181fee25 sp=0x0000700010023f90 mode 2
Event: 52866.800 Thread 0x00007fe6ba1f6800 DEOPT PACKING pc=0x000000011917bbf5 sp=0x00007000100255d0
Event: 52866.800 Thread 0x00007fe6ba1f6800 DEOPT UNPACKING pc=0x00000001181ff33a sp=0x0000700010024aa0 mode 0
Event: 52866.802 Thread 0x00007fe6ba1f6800 DEOPT PACKING pc=0x00000001192b7b22 sp=0x00007000100253a0
Event: 52866.802 Thread 0x00007fe6ba1f6800 DEOPT UNPACKING pc=0x00000001181ff33a sp=0x0000700010024868 mode 0
Event: 52866.804 Thread 0x00007fe6ba1f6800 DEOPT PACKING pc=0x0000000119343eec sp=0x0000700010024f20
Event: 52866.804 Thread 0x00007fe6ba1f6800 DEOPT UNPACKING pc=0x00000001181ff33a sp=0x0000700010024438 mode 0
Event: 52866.808 Thread 0x00007fe6ba1f6800 DEOPT PACKING pc=0x000000011917bbf5 sp=0x0000700010024fd0
Event: 52866.808 Thread 0x00007fe6ba1f6800 DEOPT UNPACKING pc=0x00000001181ff33a sp=0x00007000100244a0 mode 0
Event: 52866.808 Thread 0x00007fe6ba1f6800 DEOPT PACKING pc=0x00000001192b7b22 sp=0x0000700010024f00
Event: 52866.808 Thread 0x00007fe6ba1f6800 DEOPT UNPACKING pc=0x00000001181ff33a sp=0x00007000100243c8 mode 0
Event: 52868.188 Thread 0x00007fe6b69ea800 DEOPT PACKING pc=0x0000000118793fae sp=0x000070000ed66240
Event: 52868.188 Thread 0x00007fe6b69ea800 DEOPT UNPACKING pc=0x00000001181ff33a sp=0x000070000ed656d0 mode 0

Classes unloaded (0 events):
No events

Classes redefined (0 events):
No events

Internal exceptions (20 events):
Event: 12.745 Thread 0x00007fe6ba1f6800 Exception <a 'java/lang/ClassNotFoundException'{0x0000000786d1f630}: javax/swing/text/DefaultStyledDocument$SectionElementBeanInfo> (0x0000000786d1f630) 
thrown [./src/hotspot/share/classfile/systemDictionary.cpp, line 226]
Event: 12.745 Thread 0x00007fe6ba1f6800 Exception <a 'java/lang/ClassNotFoundException'{0x0000000786d27bf8}: javax/swing/text/AbstractDocument$BranchElementBeanInfo> (0x0000000786d27bf8) 
thrown [./src/hotspot/share/classfile/systemDictionary.cpp, line 226]
Event: 12.745 Thread 0x00007fe6ba1f6800 Exception <a 'java/lang/ClassNotFoundException'{0x0000000786d30728}: javax/swing/text/AbstractDocument$AbstractElementBeanInfo> (0x0000000786d30728) 
thrown [./src/hotspot/share/classfile/systemDictionary.cpp, line 226]
Event: 12.745 Thread 0x00007fe6ba1f6800 Exception <a 'java/lang/ClassNotFoundException'{0x0000000786d39410}: javax/swing/text/AbstractDocument$AbstractElementCustomizer> (0x0000000786d39410) 
thrown [./src/hotspot/share/classfile/systemDictionary.cpp, line 226]
Event: 12.746 Thread 0x00007fe6ba1f6800 Exception <a 'java/lang/ClassNotFoundException'{0x0000000786d577d0}: javax/swing/text/AbstractDocument$BranchElementCustomizer> (0x0000000786d577d0) 
thrown [./src/hotspot/share/classfile/systemDictionary.cpp, line 226]
Event: 12.747 Thread 0x00007fe6ba1f6800 Exception <a 'java/lang/ClassNotFoundException'{0x0000000786d71e68}: javax/swing/text/DefaultStyledDocument$SectionElementCustomizer> (0x0000000786d71e68) 
thrown [./src/hotspot/share/classfile/systemDictionary.cpp, line 226]
Event: 15.639 Thread 0x00007fe6ba1f6800 Exception <a 'java/lang/ClassNotFoundException'{0x0000000785db3830}: org/apache/groovy/io/StringBuilderWriterBeanInfo> (0x0000000785db3830) 
thrown [./src/hotspot/share/classfile/systemDictionary.cpp, line 226]
Event: 15.641 Thread 0x00007fe6ba1f6800 Exception <a 'java/lang/ClassNotFoundException'{0x0000000785baa440}: org/apache/groovy/io/StringBuilderWriterCustomizer> (0x0000000785baa440) 
thrown [./src/hotspot/share/classfile/systemDictionary.cpp, line 226]
Event: 15.647 Thread 0x00007fe6ba1f6800 Exception <a 'java/lang/ClassNotFoundException'{0x0000000785a20b70}: groovy/lang/GroovyRuntimeExceptionBeanInfo> (0x0000000785a20b70) 
thrown [./src/hotspot/share/classfile/systemDictionary.cpp, line 226]
Event: 15.647 Thread 0x00007fe6ba1f6800 Exception <a 'java/lang/ClassNotFoundException'{0x0000000785a28b08}: java/lang/RuntimeExceptionBeanInfo> (0x0000000785a28b08) 
thrown [./src/hotspot/share/classfile/systemDictionary.cpp, line 226]
Event: 15.647 Thread 0x00007fe6ba1f6800 Exception <a 'java/lang/ClassNotFoundException'{0x0000000785a30940}: java/lang/ExceptionBeanInfo> (0x0000000785a30940) 
thrown [./src/hotspot/share/classfile/systemDictionary.cpp, line 226]
Event: 15.648 Thread 0x00007fe6ba1f6800 Exception <a 'java/lang/ClassNotFoundException'{0x0000000785a387d8}: java/lang/ThrowableBeanInfo> (0x0000000785a387d8) 
thrown [./src/hotspot/share/classfile/systemDictionary.cpp, line 226]
Event: 15.648 Thread 0x00007fe6ba1f6800 Exception <a 'java/lang/ClassNotFoundException'{0x0000000785a40698}: java/lang/ThrowableCustomizer> (0x0000000785a40698) 
thrown [./src/hotspot/share/classfile/systemDictionary.cpp, line 226]
Event: 15.648 Thread 0x00007fe6ba1f6800 Exception <a 'java/lang/ClassNotFoundException'{0x0000000785a50d40}: java/lang/ExceptionCustomizer> (0x0000000785a50d40) 
thrown [./src/hotspot/share/classfile/systemDictionary.cpp, line 226]
Event: 15.649 Thread 0x00007fe6ba1f6800 Exception <a 'java/lang/ClassNotFoundException'{0x0000000785a5b240}: java/lang/RuntimeExceptionCustomizer> (0x0000000785a5b240) 
thrown [./src/hotspot/share/classfile/systemDictionary.cpp, line 226]
Event: 15.649 Thread 0x00007fe6ba1f6800 Exception <a 'java/lang/ClassNotFoundException'{0x0000000785a858d0}: groovy/lang/GroovyRuntimeExceptionCustomizer> (0x0000000785a858d0) 
thrown [./src/hotspot/share/classfile/systemDictionary.cpp, line 226]
Event: 30.220 Thread 0x00007fe6ba1f6800 Exception <a 'java/lang/ClassNotFoundException'{0x000000078569d7c0}: javax/swing/JFileChooserBeanInfo> (0x000000078569d7c0) 
thrown [./src/hotspot/share/classfile/systemDictionary.cpp, line 226]
Event: 30.220 Thread 0x00007fe6ba1f6800 Exception <a 'java/lang/ClassNotFoundException'{0x00000007856a5168}: javax/swing/JFileChooserCustomizer> (0x00000007856a5168) 
thrown [./src/hotspot/share/classfile/systemDictionary.cpp, line 226]
Event: 30.274 Thread 0x00007fe6b6b6b800 Exception <a 'java/lang/NullPointerException'{0x000000078557e260}> (0x000000078557e260) 
thrown [./src/hotspot/share/prims/jni.cpp, line 620]
Event: 30.406 Thread 0x00007fe6ba1f6800 Exception <a 'java/lang/NoSuchMethodError'{0x00000007853f4dd8}: 'java.lang.Object java.lang.invoke.DirectMethodHandle$Holder.invokeStatic(java.lang.Object, java.lang.Object, int, int, int, int)'> (0x00000007853f4dd8) 
thrown [./src/hotspot/share/interpreter/linkResolver.cpp, line 766]

Events (20 events):
Event: 52868.011 Executing VM operation: HandshakeOneThread
Event: 52868.011 Executing VM operation: HandshakeOneThread done
Event: 52868.011 Executing VM operation: HandshakeOneThread
Event: 52868.011 Executing VM operation: HandshakeOneThread done
Event: 52868.118 Thread 0x00007fe6b69ea800 Thread added: 0x00007fe6b69ea800
Event: 52868.118 Protecting memory [0x000070000ec68000,0x000070000ec6c000] with protection modes 0
Event: 52868.120 Executing VM operation: G1CollectForAllocation
Event: 52868.184 Executing VM operation: G1CollectForAllocation done
Event: 52868.194 Executing VM operation: HandshakeOneThread
Event: 52868.194 Executing VM operation: HandshakeOneThread done
Event: 52868.199 Executing VM operation: HandshakeOneThread
Event: 52868.199 Executing VM operation: HandshakeOneThread done
Event: 52868.201 Executing VM operation: HandshakeOneThread
Event: 52868.201 Executing VM operation: HandshakeOneThread done
Event: 52868.202 Executing VM operation: HandshakeOneThread
Event: 52868.202 Executing VM operation: HandshakeOneThread done
Event: 52868.205 Executing VM operation: HandshakeOneThread
Event: 52868.205 Executing VM operation: HandshakeOneThread done
Event: 52868.205 Protecting memory [0x000070000ec68000,0x000070000ec6c000] with protection modes 3
Event: 52868.205 Thread 0x00007fe6b69ea800 Thread exited: 0x00007fe6b69ea800


Dynamic libraries:
0x00007fff67114000 	/usr/lib/libz.1.dylib
0x0000000109435000 	/usr/local/Cellar/openjdk/14.0.1/libexec/openjdk.jdk/Contents/Home/lib/libjli.dylib
0x00007fff2cdf7000 	/System/Library/Frameworks/Cocoa.framework/Versions/A/Cocoa
0x00007fff3a5f0000 	/System/Library/Frameworks/Security.framework/Versions/A/Security
0x00007fff2bd5c000 	/System/Library/Frameworks/ApplicationServices.framework/Versions/A/ApplicationServices
0x00007fff64bd8000 	/usr/lib/libSystem.B.dylib
0x00007fff679d5000 	/usr/lib/system/libcache.dylib
0x00007fff679db000 	/usr/lib/system/libcommonCrypto.dylib
0x00007fff679e7000 	/usr/lib/system/libcompiler_rt.dylib
0x00007fff679ef000 	/usr/lib/system/libcopyfile.dylib
0x00007fff679f9000 	/usr/lib/system/libcorecrypto.dylib
0x00007fff67b98000 	/usr/lib/system/libdispatch.dylib
0x00007fff67bd9000 	/usr/lib/system/libdyld.dylib
0x00007fff67c10000 	/usr/lib/system/libkeymgr.dylib
0x00007fff67c1e000 	/usr/lib/system/liblaunch.dylib
0x00007fff67c1f000 	/usr/lib/system/libmacho.dylib
0x00007fff67c25000 	/usr/lib/system/libquarantine.dylib
0x00007fff67c28000 	/usr/lib/system/libremovefile.dylib
0x00007fff67c2a000 	/usr/lib/system/libsystem_asl.dylib
0x00007fff67c42000 	/usr/lib/system/libsystem_blocks.dylib
0x00007fff67c43000 	/usr/lib/system/libsystem_c.dylib
0x00007fff67ccb000 	/usr/lib/system/libsystem_configuration.dylib
0x00007fff67ccf000 	/usr/lib/system/libsystem_coreservices.dylib
0x00007fff67cd3000 	/usr/lib/system/libsystem_darwin.dylib
0x00007fff67cdc000 	/usr/lib/system/libsystem_dnssd.dylib
0x00007fff67ce4000 	/usr/lib/system/libsystem_featureflags.dylib
0x00007fff67ce6000 	/usr/lib/system/libsystem_info.dylib
0x00007fff67d61000 	/usr/lib/system/libsystem_m.dylib
0x00007fff67da9000 	/usr/lib/system/libsystem_malloc.dylib
0x00007fff67dd1000 	/usr/lib/system/libsystem_networkextension.dylib
0x00007fff67ddf000 	/usr/lib/system/libsystem_notify.dylib
0x00007fff67dfd000 	/usr/lib/system/libsystem_sandbox.dylib
0x00007fff67e02000 	/usr/lib/system/libsystem_secinit.dylib
0x00007fff67d34000 	/usr/lib/system/libsystem_kernel.dylib
0x00007fff67de9000 	/usr/lib/system/libsystem_platform.dylib
0x00007fff67df2000 	/usr/lib/system/libsystem_pthread.dylib
0x00007fff67e05000 	/usr/lib/system/libsystem_symptoms.dylib
0x00007fff67e0d000 	/usr/lib/system/libsystem_trace.dylib
0x00007fff67e25000 	/usr/lib/system/libunwind.dylib
0x00007fff67e2b000 	/usr/lib/system/libxpc.dylib
0x00007fff66a38000 	/usr/lib/libobjc.A.dylib
0x00007fff64f11000 	/usr/lib/libc++abi.dylib
0x00007fff64ebe000 	/usr/lib/libc++.1.dylib
0x00007fff2dc99000 	/System/Library/Frameworks/CoreFoundation.framework/Versions/A/CoreFoundation
0x00007fff30356000 	/System/Library/Frameworks/Foundation.framework/Versions/C/Foundation
0x00007fff2af4c000 	/System/Library/Frameworks/AppKit.framework/Versions/C/AppKit
0x00007fff2d77b000 	/System/Library/Frameworks/CoreData.framework/Versions/A/CoreData
0x00007fff5ebed000 	/System/Library/PrivateFrameworks/UIFoundation.framework/Versions/A/UIFoundation
0x00007fff59c81000 	/System/Library/PrivateFrameworks/RemoteViewServices.framework/Versions/A/RemoteViewServices
0x00007fff61748000 	/System/Library/PrivateFrameworks/XCTTargetBootstrap.framework/Versions/A/XCTTargetBootstrap
0x00007fff2db66000 	/System/Library/Frameworks/CoreDisplay.framework/Versions/A/CoreDisplay
0x00007fff33211000 	/System/Library/Frameworks/Metal.framework/Versions/A/Metal
0x00007fff47c84000 	/System/Library/PrivateFrameworks/DesktopServicesPriv.framework/Versions/A/DesktopServicesPriv
0x00007fff65d13000 	/usr/lib/liblangid.dylib
0x00007fff46f19000 	/System/Library/PrivateFrameworks/CoreSVG.framework/Versions/A/CoreSVG
0x00007fff5cddd000 	/System/Library/PrivateFrameworks/SkyLight.framework/Versions/A/SkyLight
0x00007fff2e11a000 	/System/Library/Frameworks/CoreGraphics.framework/Versions/A/CoreGraphics
0x00007fff29920000 	/System/Library/Frameworks/Accelerate.framework/Versions/A/Accelerate
0x00007fff67005000 	/usr/lib/libxml2.2.dylib
0x00007fff52c0c000 	/System/Library/PrivateFrameworks/IconServices.framework/Versions/A/IconServices
0x00007fff30b35000 	/System/Library/Frameworks/IOSurface.framework/Versions/A/IOSurface
0x00007fff64702000 	/usr/lib/libDiagnosticMessagesClient.dylib
0x00007fff47ade000 	/System/Library/PrivateFrameworks/DFRFoundation.framework/Versions/A/DFRFoundation
0x00007fff65aa2000 	/usr/lib/libicucore.A.dylib
0x00007fff2c08e000 	/System/Library/Frameworks/AudioToolbox.framework/Versions/A/AudioToolbox
0x00007fff2c171000 	/System/Library/Frameworks/AudioUnit.framework/Versions/A/AudioUnit
0x00007fff64dda000 	/usr/lib/libauto.dylib
0x00007fff47b80000 	/System/Library/PrivateFrameworks/DataDetectorsCore.framework/Versions/A/DataDetectorsCore
0x00007fff2c918000 	/System/Library/Frameworks/Carbon.framework/Versions/A/Frameworks/HIToolbox.framework/Versions/A/HIToolbox
0x00007fff397ea000 	/System/Library/Frameworks/QuartzCore.framework/Versions/A/QuartzCore
0x00007fff2cc57000 	/System/Library/Frameworks/Carbon.framework/Versions/A/Frameworks/SpeechRecognition.framework/Versions/A/SpeechRecognition
0x00007fff475f2000 	/System/Library/PrivateFrameworks/CoreUI.framework/Versions/A/CoreUI
0x00007fff2d1e6000 	/System/Library/Frameworks/CoreAudio.framework/Versions/A/CoreAudio
0x00007fff30015000 	/System/Library/Frameworks/DiskArbitration.framework/Versions/A/DiskArbitration
0x00007fff54c5c000 	/System/Library/PrivateFrameworks/MultitouchSupport.framework/Versions/A/MultitouchSupport
0x00007fff65969000 	/usr/lib/libenergytrace.dylib
0x00007fff30a8f000 	/System/Library/Frameworks/IOKit.framework/Versions/A/IOKit
0x00007fff2f081000 	/System/Library/Frameworks/CoreServices.framework/Versions/A/CoreServices
0x00007fff56e14000 	/System/Library/PrivateFrameworks/PerformanceAnalysis.framework/Versions/A/PerformanceAnalysis
0x00007fff3881d000 	/System/Library/Frameworks/OpenGL.framework/Versions/A/OpenGL
0x00007fff2ce05000 	/System/Library/Frameworks/ColorSync.framework/Versions/A/ColorSync
0x00007fff2e79d000 	/System/Library/Frameworks/CoreImage.framework/Versions/A/CoreImage
0x00007fff2faf4000 	/System/Library/Frameworks/CoreText.framework/Versions/A/CoreText
0x00007fff30bc5000 	/System/Library/Frameworks/ImageIO.framework/Versions/A/ImageIO
0x00007fff64f3a000 	/usr/lib/libcompression.dylib
0x00007fff64a46000 	/usr/lib/libMobileGestalt.dylib
0x00007fff5e957000 	/System/Library/PrivateFrameworks/TextureIO.framework/Versions/A/TextureIO
0x00007fff64d3d000 	/usr/lib/libate.dylib
0x00007fff52e15000 	/System/Library/PrivateFrameworks/InternationalSupport.framework/Versions/A/InternationalSupport
0x00007fff65d15000 	/usr/lib/liblzma.5.dylib
0x00007fff65990000 	/usr/lib/libfakelink.dylib
0x00007fff64cca000 	/usr/lib/libarchive.2.dylib
0x00007fff3b6a1000 	/System/Library/Frameworks/SystemConfiguration.framework/Versions/A/SystemConfiguration
0x00007fff64635000 	/usr/lib/libCRFSuite.dylib
0x00007fff2c508000 	/System/Library/Frameworks/CFNetwork.framework/Versions/A/CFNetwork
0x00007fff64ea0000 	/usr/lib/libbsm.0.dylib
0x00007fff67c11000 	/usr/lib/system/libkxld.dylib
0x00007fff4145b000 	/System/Library/PrivateFrameworks/AppleFSCompression.framework/Versions/A/AppleFSCompression
0x00007fff6522b000 	/usr/lib/libcoretls.dylib
0x00007fff65242000 	/usr/lib/libcoretls_cfhelpers.dylib
0x00007fff66a7e000 	/usr/lib/libpam.2.dylib
0x00007fff66bb3000 	/usr/lib/libsqlite3.dylib
0x00007fff66ff2000 	/usr/lib/libxar.1.dylib
0x00007fff64eb1000 	/usr/lib/libbz2.1.0.dylib
0x00007fff659b1000 	/usr/lib/libiconv.2.dylib
0x00007fff64f27000 	/usr/lib/libcharset.1.dylib
0x00007fff6651b000 	/usr/lib/libnetwork.dylib
0x00007fff66a85000 	/usr/lib/libpcap.A.dylib
0x00007fff64c7f000 	/usr/lib/libapple_nghttp2.dylib
0x00007fff2f438000 	/System/Library/Frameworks/CoreServices.framework/Versions/A/Frameworks/FSEvents.framework/Versions/A/FSEvents
0x00007fff2f108000 	/System/Library/Frameworks/CoreServices.framework/Versions/A/Frameworks/CarbonCore.framework/Versions/A/CarbonCore
0x00007fff2f67c000 	/System/Library/Frameworks/CoreServices.framework/Versions/A/Frameworks/Metadata.framework/Versions/A/Metadata
0x00007fff2f715000 	/System/Library/Frameworks/CoreServices.framework/Versions/A/Frameworks/OSServices.framework/Versions/A/OSServices
0x00007fff2f743000 	/System/Library/Frameworks/CoreServices.framework/Versions/A/Frameworks/SearchKit.framework/Versions/A/SearchKit
0x00007fff2f082000 	/System/Library/Frameworks/CoreServices.framework/Versions/A/Frameworks/AE.framework/Versions/A/AE
0x00007fff2f441000 	/System/Library/Frameworks/CoreServices.framework/Versions/A/Frameworks/LaunchServices.framework/Versions/A/LaunchServices
0x00007fff2f3ea000 	/System/Library/Frameworks/CoreServices.framework/Versions/A/Frameworks/DictionaryServices.framework/Versions/A/DictionaryServices
0x00007fff2f7ab000 	/System/Library/Frameworks/CoreServices.framework/Versions/A/Frameworks/SharedFileList.framework/Versions/A/SharedFileList
0x00007fff3463c000 	/System/Library/Frameworks/NetFS.framework/Versions/A/NetFS
0x00007fff5518c000 	/System/Library/PrivateFrameworks/NetAuth.framework/Versions/A/NetAuth
0x00007fff61b15000 	/System/Library/PrivateFrameworks/login.framework/Versions/A/Frameworks/loginsupport.framework/Versions/A/loginsupport
0x00007fff5e422000 	/System/Library/PrivateFrameworks/TCC.framework/Versions/A/TCC
0x00007fff4608c000 	/System/Library/PrivateFrameworks/CoreNLP.framework/Versions/A/CoreNLP
0x00007fff54689000 	/System/Library/PrivateFrameworks/MetadataUtilities.framework/Versions/A/MetadataUtilities
0x00007fff65ded000 	/usr/lib/libmecabra.dylib
0x00007fff65d45000 	/usr/lib/libmecab.dylib
0x00007fff659a1000 	/usr/lib/libgermantok.dylib
0x00007fff64c66000 	/usr/lib/libThaiTokenizer.dylib
0x00007fff6466c000 	/usr/lib/libChineseTokenizer.dylib
0x00007fff29938000 	/System/Library/Frameworks/Accelerate.framework/Versions/A/Frameworks/vImage.framework/Versions/A/vImage
0x00007fff2ada2000 	/System/Library/Frameworks/Accelerate.framework/Versions/A/Frameworks/vecLib.framework/Versions/A/vecLib
0x00007fff2acdf000 	/System/Library/Frameworks/Accelerate.framework/Versions/A/Frameworks/vecLib.framework/Versions/A/libvMisc.dylib
0x00007fff2ab07000 	/System/Library/Frameworks/Accelerate.framework/Versions/A/Frameworks/vecLib.framework/Versions/A/libvDSP.dylib
0x00007fff29f8f000 	/System/Library/Frameworks/Accelerate.framework/Versions/A/Frameworks/vecLib.framework/Versions/A/libBLAS.dylib
0x00007fff2a6cb000 	/System/Library/Frameworks/Accelerate.framework/Versions/A/Frameworks/vecLib.framework/Versions/A/libLAPACK.dylib
0x00007fff2aa67000 	/System/Library/Frameworks/Accelerate.framework/Versions/A/Frameworks/vecLib.framework/Versions/A/libLinearAlgebra.dylib
0x00007fff2aaf4000 	/System/Library/Frameworks/Accelerate.framework/Versions/A/Frameworks/vecLib.framework/Versions/A/libSparseBLAS.dylib
0x00007fff2aa7d000 	/System/Library/Frameworks/Accelerate.framework/Versions/A/Frameworks/vecLib.framework/Versions/A/libQuadrature.dylib
0x00007fff2a1f7000 	/System/Library/Frameworks/Accelerate.framework/Versions/A/Frameworks/vecLib.framework/Versions/A/libBNNS.dylib
0x00007fff2aa83000 	/System/Library/Frameworks/Accelerate.framework/Versions/A/Frameworks/vecLib.framework/Versions/A/libSparse.dylib
0x00007fff531fd000 	/System/Library/PrivateFrameworks/LanguageModeling.framework/Versions/A/LanguageModeling
0x00007fff45a3c000 	/System/Library/PrivateFrameworks/CoreEmoji.framework/Versions/A/CoreEmoji
0x00007fff5331b000 	/System/Library/PrivateFrameworks/LinguisticData.framework/Versions/A/LinguisticData
0x00007fff532cc000 	/System/Library/PrivateFrameworks/Lexicon.framework/Versions/A/Lexicon
0x00007fff64f28000 	/usr/lib/libcmph.dylib
0x00007fff3722b000 	/System/Library/Frameworks/OpenDirectory.framework/Versions/A/Frameworks/CFOpenDirectory.framework/Versions/A/CFOpenDirectory
0x00007fff37248000 	/System/Library/Frameworks/OpenDirectory.framework/Versions/A/OpenDirectory
0x00007fff3f68b000 	/System/Library/PrivateFrameworks/APFS.framework/Versions/A/APFS
0x00007fff3a93a000 	/System/Library/Frameworks/SecurityFoundation.framework/Versions/A/SecurityFoundation
0x00007fff66fee000 	/usr/lib/libutil.dylib
0x00007fff46f71000 	/System/Library/PrivateFrameworks/CoreServicesStore.framework/Versions/A/CoreServicesStore
0x00007fff3a9f1000 	/System/Library/Frameworks/ServiceManagement.framework/Versions/A/ServiceManagement
0x00007fff42c2b000 	/System/Library/PrivateFrameworks/BackgroundTaskManagement.framework/Versions/A/BackgroundTaskManagement
0x00007fff670eb000 	/usr/lib/libxslt.1.dylib
0x00007fff41ace000 	/System/Library/PrivateFrameworks/AppleSystemInfo.framework/Versions/A/AppleSystemInfo
0x00007fff30de0000 	/System/Library/Frameworks/ImageIO.framework/Versions/A/Resources/libJPEG.dylib
0x00007fff3109f000 	/System/Library/Frameworks/ImageIO.framework/Versions/A/Resources/libTIFF.dylib
0x00007fff31082000 	/System/Library/Frameworks/ImageIO.framework/Versions/A/Resources/libPng.dylib
0x00007fff30d22000 	/System/Library/Frameworks/ImageIO.framework/Versions/A/Resources/libGIF.dylib
0x00007fff30d26000 	/System/Library/Frameworks/ImageIO.framework/Versions/A/Resources/libJP2.dylib
0x00007fff3109d000 	/System/Library/Frameworks/ImageIO.framework/Versions/A/Resources/libRadiance.dylib
0x00007fff6596a000 	/usr/lib/libexpat.1.dylib
0x00007fff415b6000 	/System/Library/PrivateFrameworks/AppleJPEG.framework/Versions/A/AppleJPEG
0x00007fff4a271000 	/System/Library/PrivateFrameworks/FontServices.framework/libFontParser.dylib
0x00007fff60b17000 	/System/Library/PrivateFrameworks/WatchdogClient.framework/Versions/A/WatchdogClient
0x00007fff52858000 	/System/Library/PrivateFrameworks/IOAccelerator.framework/Versions/A/IOAccelerator
0x00007fff335ac000 	/System/Library/Frameworks/MetalPerformanceShaders.framework/Versions/A/MetalPerformanceShaders
0x00007fff4efee000 	/System/Library/PrivateFrameworks/GPUWrangler.framework/Versions/A/GPUWrangler
0x00007fff5286d000 	/System/Library/PrivateFrameworks/IOPresentment.framework/Versions/A/IOPresentment
0x00007fff47af1000 	/System/Library/PrivateFrameworks/DSExternalDisplay.framework/Versions/A/DSExternalDisplay
0x00007fff37bbc000 	/System/Library/Frameworks/OpenGL.framework/Versions/A/Libraries/libCoreFSCache.dylib
0x00007fff332f8000 	/System/Library/Frameworks/MetalPerformanceShaders.framework/Frameworks/MPSCore.framework/Versions/A/MPSCore
0x00007fff33336000 	/System/Library/Frameworks/MetalPerformanceShaders.framework/Frameworks/MPSImage.framework/Versions/A/MPSImage
0x00007fff333fd000 	/System/Library/Frameworks/MetalPerformanceShaders.framework/Frameworks/MPSNeuralNetwork.framework/Versions/A/MPSNeuralNetwork
0x00007fff333c1000 	/System/Library/Frameworks/MetalPerformanceShaders.framework/Frameworks/MPSMatrix.framework/Versions/A/MPSMatrix
0x00007fff3355c000 	/System/Library/Frameworks/MetalPerformanceShaders.framework/Frameworks/MPSRayIntersector.framework/Versions/A/MPSRayIntersector
0x00007fff333e7000 	/System/Library/Frameworks/MetalPerformanceShaders.framework/Frameworks/MPSNDArray.framework/Versions/A/MPSNDArray
0x00007fff546d6000 	/System/Library/PrivateFrameworks/MetalTools.framework/Versions/A/MetalTools
0x00007fff40865000 	/System/Library/PrivateFrameworks/AggregateDictionary.framework/Versions/A/AggregateDictionary
0x00007fff45484000 	/System/Library/PrivateFrameworks/CoreAnalytics.framework/Versions/A/CoreAnalytics
0x00007fff419ed000 	/System/Library/PrivateFrameworks/AppleSauce.framework/Versions/A/AppleSauce
0x00007fff64928000 	/usr/lib/libIOReport.dylib
0x00007fff2fcac000 	/System/Library/Frameworks/CoreVideo.framework/Versions/A/CoreVideo
0x00007fff50467000 	/System/Library/PrivateFrameworks/GraphVisualizer.framework/Versions/A/GraphVisualizer
0x00007fff497b7000 	/System/Library/PrivateFrameworks/FaceCore.framework/Versions/A/FaceCore
0x00007fff371d2000 	/System/Library/Frameworks/OpenCL.framework/Versions/A/OpenCL
0x00007fff6474a000 	/usr/lib/libFosl_dynamic.dylib
0x00007fff55bac000 	/System/Library/PrivateFrameworks/OTSVG.framework/Versions/A/OTSVG
0x00007fff2be61000 	/System/Library/Frameworks/ApplicationServices.framework/Versions/A/Frameworks/ATS.framework/Versions/A/Resources/libFontRegistry.dylib
0x00007fff4a442000 	/System/Library/PrivateFrameworks/FontServices.framework/libhvf.dylib
0x00007fff37bc7000 	/System/Library/Frameworks/OpenGL.framework/Versions/A/Libraries/libGFXShared.dylib
0x00007fff37da5000 	/System/Library/Frameworks/OpenGL.framework/Versions/A/Libraries/libGLU.dylib
0x00007fff37bd0000 	/System/Library/Frameworks/OpenGL.framework/Versions/A/Libraries/libGL.dylib
0x00007fff37bdb000 	/System/Library/Frameworks/OpenGL.framework/Versions/A/Libraries/libGLImage.dylib
0x00007fff37bb9000 	/System/Library/Frameworks/OpenGL.framework/Versions/A/Libraries/libCVMSPluginSupport.dylib
0x00007fff37bc2000 	/System/Library/Frameworks/OpenGL.framework/Versions/A/Libraries/libCoreVMClient.dylib
0x00007fff663bc000 	/usr/lib/libncurses.5.4.dylib
0x00007fff2bd5d000 	/System/Library/Frameworks/ApplicationServices.framework/Versions/A/Frameworks/ATS.framework/Versions/A/ATS
0x00007fff2bf2a000 	/System/Library/Frameworks/ApplicationServices.framework/Versions/A/Frameworks/ColorSyncLegacy.framework/Versions/A/ColorSyncLegacy
0x00007fff2bfc8000 	/System/Library/Frameworks/ApplicationServices.framework/Versions/A/Frameworks/HIServices.framework/Versions/A/HIServices
0x00007fff2c020000 	/System/Library/Frameworks/ApplicationServices.framework/Versions/A/Frameworks/LangAnalysis.framework/Versions/A/LangAnalysis
0x00007fff2c02f000 	/System/Library/Frameworks/ApplicationServices.framework/Versions/A/Frameworks/PrintCore.framework/Versions/A/PrintCore
0x00007fff2c075000 	/System/Library/Frameworks/ApplicationServices.framework/Versions/A/Frameworks/QD.framework/Versions/A/QD
0x00007fff2c080000 	/System/Library/Frameworks/ApplicationServices.framework/Versions/A/Frameworks/SpeechSynthesis.framework/Versions/A/SpeechSynthesis
0x00007fff2befa000 	/System/Library/Frameworks/ApplicationServices.framework/Versions/A/Frameworks/ATSUI.framework/Versions/A/ATSUI
0x00007fff65800000 	/usr/lib/libcups.2.dylib
0x00007fff32647000 	/System/Library/Frameworks/Kerberos.framework/Versions/A/Kerberos
0x00007fff30788000 	/System/Library/Frameworks/GSS.framework/Versions/A/GSS
0x00007fff66b3f000 	/usr/lib/libresolv.9.dylib
0x00007fff50614000 	/System/Library/PrivateFrameworks/Heimdal.framework/Versions/A/Heimdal
0x00007fff3265a000 	/System/Library/Frameworks/Kerberos.framework/Versions/A/Libraries/libHeimdalProxy.dylib
0x00007fff659a7000 	/usr/lib/libheimdal-asn1.dylib
0x00007fff4491c000 	/System/Library/PrivateFrameworks/CommonAuth.framework/Versions/A/CommonAuth
0x00007fff41b6b000 	/System/Library/PrivateFrameworks/AssertionServices.framework/Versions/A/AssertionServices
0x00007fff4270e000 	/System/Library/PrivateFrameworks/AudioToolboxCore.framework/Versions/A/AudioToolboxCore
0x00007fff617c5000 	/System/Library/PrivateFrameworks/caulk.framework/Versions/A/caulk
0x00007fff42cd7000 	/System/Library/PrivateFrameworks/BaseBoard.framework/Versions/A/BaseBoard
0x00007fff59e0f000 	/System/Library/PrivateFrameworks/RunningBoardServices.framework/Versions/A/RunningBoardServices
0x00007fff56e20000 	/System/Library/PrivateFrameworks/PersistentConnection.framework/Versions/A/PersistentConnection
0x00007fff59808000 	/System/Library/PrivateFrameworks/ProtocolBuffer.framework/Versions/A/ProtocolBuffer
0x00007fff44940000 	/System/Library/PrivateFrameworks/CommonUtilities.framework/Versions/A/CommonUtilities
0x00007fff42e65000 	/System/Library/PrivateFrameworks/Bom.framework/Versions/A/Bom
0x00007fff645fb000 	/usr/lib/libAudioToolboxUtility.dylib
0x00007fff42c35000 	/System/Library/PrivateFrameworks/Backup.framework/Versions/A/Backup
0x00007fff47a12000 	/System/Library/PrivateFrameworks/CrashReporterSupport.framework/Versions/A/CrashReporterSupport
0x00007fff5b8a1000 	/System/Library/PrivateFrameworks/Sharing.framework/Versions/A/Sharing
0x00007fff41179000 	/System/Library/PrivateFrameworks/Apple80211.framework/Versions/A/Apple80211
0x00007fff42952000 	/System/Library/PrivateFrameworks/AuthKit.framework/Versions/A/AuthKit
0x00007fff4771f000 	/System/Library/PrivateFrameworks/CoreUtils.framework/Versions/A/CoreUtils
0x00007fff2fcf1000 	/System/Library/Frameworks/CoreWLAN.framework/Versions/A/CoreWLAN
0x00007fff30915000 	/System/Library/Frameworks/IOBluetooth.framework/Versions/A/IOBluetooth
0x00007fff549db000 	/System/Library/PrivateFrameworks/MobileKeyBag.framework/Versions/A/MobileKeyBag
0x00007fff46524000 	/System/Library/PrivateFrameworks/CorePhoneNumbers.framework/Versions/A/CorePhoneNumbers
0x00007fff41569000 	/System/Library/PrivateFrameworks/AppleIDAuthSupport.framework/Versions/A/AppleIDAuthSupport
0x00007fff34649000 	/System/Library/Frameworks/Network.framework/Versions/A/Network
0x00007fff530a9000 	/System/Library/PrivateFrameworks/KeychainCircle.framework/Versions/A/KeychainCircle
0x00007fff2d742000 	/System/Library/Frameworks/CoreBluetooth.framework/Versions/A/CoreBluetooth
0x00007fff5d920000 	/System/Library/PrivateFrameworks/SpeechRecognitionCore.framework/Versions/A/SpeechRecognitionCore
0x0000000109e00000 	/usr/local/Cellar/openjdk/14.0.1/libexec/openjdk.jdk/Contents/Home/lib/server/libjvm.dylib
0x0000000109492000 	/usr/local/Cellar/openjdk/14.0.1/libexec/openjdk.jdk/Contents/Home/lib/libjimage.dylib
0x00000001094a4000 	/usr/local/Cellar/openjdk/14.0.1/libexec/openjdk.jdk/Contents/Home/lib/libjava.dylib
0x00000001094c9000 	/usr/local/Cellar/openjdk/14.0.1/libexec/openjdk.jdk/Contents/Home/lib/libzip.dylib
0x00000001095d8000 	/usr/local/Cellar/openjdk/14.0.1/libexec/openjdk.jdk/Contents/Home/lib/libnio.dylib
0x00000001095e8000 	/usr/local/Cellar/openjdk/14.0.1/libexec/openjdk.jdk/Contents/Home/lib/libnet.dylib
0x0000000116ddd000 	/usr/local/Cellar/openjdk/14.0.1/libexec/openjdk.jdk/Contents/Home/lib/libverify.dylib
0x0000000116de8000 	/usr/local/Cellar/openjdk/14.0.1/libexec/openjdk.jdk/Contents/Home/lib/libprefs.dylib
0x00000001171ef000 	/usr/local/Cellar/openjdk/14.0.1/libexec/openjdk.jdk/Contents/Home/lib/libawt.dylib
0x0000000117286000 	/usr/local/Cellar/openjdk/14.0.1/libexec/openjdk.jdk/Contents/Home/lib/libmlib_image.dylib
0x00007fff32631000 	/System/Library/Frameworks/JavaVM.framework/Versions/A/Frameworks/JavaNativeFoundation.framework/Versions/A/JavaNativeFoundation
0x00007fff3263a000 	/System/Library/Frameworks/JavaVM.framework/Versions/A/Frameworks/JavaRuntimeSupport.framework/Versions/A/JavaRuntimeSupport
0x00007fff32642000 	/System/Library/Frameworks/JavaVM.framework/Versions/A/JavaVM
0x00007fff52ec0000 	/System/Library/PrivateFrameworks/JavaLaunching.framework/Versions/A/JavaLaunching
0x00007fff2c913000 	/System/Library/Frameworks/Carbon.framework/Versions/A/Carbon
0x00007fff474c4000 	/System/Library/PrivateFrameworks/CoreSymbolication.framework/Versions/A/CoreSymbolication
0x00007fff2c914000 	/System/Library/Frameworks/Carbon.framework/Versions/A/Frameworks/CommonPanels.framework/Versions/A/CommonPanels
0x00007fff2cc0d000 	/System/Library/Frameworks/Carbon.framework/Versions/A/Frameworks/Help.framework/Versions/A/Help
0x00007fff2cc11000 	/System/Library/Frameworks/Carbon.framework/Versions/A/Frameworks/ImageCapture.framework/Versions/A/ImageCapture
0x00007fff2cc18000 	/System/Library/Frameworks/Carbon.framework/Versions/A/Frameworks/OpenScripting.framework/Versions/A/OpenScripting
0x00007fff2cc17000 	/System/Library/Frameworks/Carbon.framework/Versions/A/Frameworks/Ink.framework/Versions/A/Ink
0x00007fff2cc53000 	/System/Library/Frameworks/Carbon.framework/Versions/A/Frameworks/Print.framework/Versions/A/Print
0x00007fff2cc54000 	/System/Library/Frameworks/Carbon.framework/Versions/A/Frameworks/SecurityHI.framework/Versions/A/SecurityHI
0x00007fff47c46000 	/System/Library/PrivateFrameworks/DebugSymbols.framework/Versions/A/DebugSymbols
0x00000001172e9000 	/usr/local/Cellar/openjdk/14.0.1/libexec/openjdk.jdk/Contents/Home/lib/libawt_lwawt.dylib
0x0000000117392000 	/usr/local/Cellar/openjdk/14.0.1/libexec/openjdk.jdk/Contents/Home/lib/libosxapp.dylib
0x00007fff301f1000 	/System/Library/Frameworks/ExceptionHandling.framework/Versions/A/ExceptionHandling
0x00000001173b9000 	/usr/local/Cellar/openjdk/14.0.1/libexec/openjdk.jdk/Contents/Home/lib/libfontmanager.dylib
0x00000001174b7000 	/usr/local/Cellar/openjdk/14.0.1/libexec/openjdk.jdk/Contents/Home/lib/libfreetype.dylib
0x00007fff46f3d000 	/System/Library/PrivateFrameworks/CoreServicesInternal.framework/Versions/A/CoreServicesInternal
0x00007fff30210000 	/System/Library/Frameworks/FileProvider.framework/Versions/A/FileProvider
0x00007fff2ada3000 	/System/Library/Frameworks/Accounts.framework/Versions/A/Accounts
0x00007fff4f313000 	/System/Library/PrivateFrameworks/GenerationalStorage.framework/Versions/A/GenerationalStorage
0x00007fff5e162000 	/System/Library/PrivateFrameworks/SymptomDiagnosticReporter.framework/Versions/A/SymptomDiagnosticReporter
0x00007fff40c7d000 	/System/Library/PrivateFrameworks/AppContainer.framework/Versions/A/AppContainer
0x00007fff66b59000 	/usr/lib/libsandbox.1.dylib
0x00007fff5fabb000 	/System/Library/PrivateFrameworks/UserManagement.framework/Versions/A/UserManagement
0x00007fff43a21000 	/System/Library/PrivateFrameworks/ChunkingLibrary.framework/Versions/A/ChunkingLibrary
0x00007fff40cef000 	/System/Library/PrivateFrameworks/AppSandbox.framework/Versions/A/AppSandbox
0x00007fff5b72b000 	/System/Library/PrivateFrameworks/SecCodeWrapper.framework/Versions/A/SecCodeWrapper
0x00007fff64a10000 	/usr/lib/libMatch.1.dylib
0x00007fff20d8b000 	/System/Library/CoreServices/RawCamera.bundle/Contents/MacOS/RawCamera
0x00007fff54805000 	/System/Library/PrivateFrameworks/MobileAsset.framework/Versions/A/MobileAsset
0x00007fff5e00a000 	/System/Library/PrivateFrameworks/StreamingZip.framework/Versions/A/StreamingZip
0x00007fff32ac2000 	/System/Library/Frameworks/MediaToolbox.framework/Versions/A/MediaToolbox
0x00007fff45434000 	/System/Library/PrivateFrameworks/CoreAVCHD.framework/Versions/A/CoreAVCHD
0x00007fff329ec000 	/System/Library/Frameworks/MediaAccessibility.framework/Versions/A/MediaAccessibility
0x00007fff53bb9000 	/System/Library/PrivateFrameworks/Mangrove.framework/Versions/A/Mangrove
0x00007fff2eeb9000 	/System/Library/Frameworks/CoreMedia.framework/Versions/A/CoreMedia
0x00007fff53e25000 	/System/Library/PrivateFrameworks/MediaExperience.framework/Versions/A/MediaExperience
0x00007fff3b99b000 	/System/Library/Frameworks/VideoToolbox.framework/Versions/A/VideoToolbox
0x00007fff4505e000 	/System/Library/PrivateFrameworks/CoreAUC.framework/Versions/A/CoreAUC
0x00007fff66bb1000 	/usr/lib/libspindump.dylib
0x00007fff420bd000 	/System/Library/PrivateFrameworks/AudioResourceArbitration.framework/Versions/A/AudioResourceArbitration
0x00007fff41ad2000 	/System/Library/PrivateFrameworks/AppleVA.framework/Versions/A/AppleVA
0x00007fff29921000 	/System/Library/Frameworks/Accelerate.framework/Versions/A/Frameworks/vImage.framework/Versions/A/Libraries/libCGInterfaces.dylib
0x0000000117eed000 	/usr/lib/libobjc-trampolines.dylib
0x00007fff4a3a9000 	/System/Library/PrivateFrameworks/FontServices.framework/libTrueTypeScaler.dylib
0x00007fff23499000 	/System/Library/Extensions/AppleIntelBDWGraphicsMTLDriver.bundle/Contents/MacOS/AppleIntelBDWGraphicsMTLDriver
0x00007fff4d933000 	/System/Library/PrivateFrameworks/GPUCompiler.framework/Versions/3902/Libraries/libmetal_timestamp.dylib
0x00007fff60887000 	/System/Library/PrivateFrameworks/ViewBridge.framework/Versions/A/ViewBridge
0x0000000117f81000 	/usr/local/Cellar/openjdk/14.0.1/libexec/openjdk.jdk/Contents/Home/lib/libosxui.dylib
0x00007fff3882d000 	/System/Library/Frameworks/OpenGL.framework/Versions/A/Resources/GLEngine.bundle/GLEngine
0x00007fff37c10000 	/System/Library/Frameworks/OpenGL.framework/Versions/A/Libraries/libGLProgrammability.dylib
0x00007fff22f98000 	/System/Library/Extensions/AppleIntelBDWGraphicsGLDriver.bundle/Contents/MacOS/AppleIntelBDWGraphicsGLDriver
0x00007fff4efe2000 	/System/Library/PrivateFrameworks/GPUSupport.framework/Versions/A/Libraries/libGPUSupportMercury.dylib
0x00007fff389a7000 	/System/Library/Frameworks/OpenGL.framework/Versions/A/Resources/GLRendererFloat.bundle/GLRendererFloat
0x00007fff371c9000 	/System/Library/Frameworks/OpenCL.framework/Versions/A/Libraries/libcldcpuengine.dylib
0x00007fff61b18000 	/System/Library/PrivateFrameworks/login.framework/Versions/A/login
0x00007fff5e1dc000 	/System/Library/PrivateFrameworks/SystemAdministration.framework/Versions/A/SystemAdministration
0x00007fff4816e000 	/System/Library/PrivateFrameworks/DiskManagement.framework/Versions/A/DiskManagement
0x00007fff2ff3a000 	/System/Library/Frameworks/DirectoryService.framework/Versions/A/DirectoryService
0x00007fff480a5000 	/System/Library/PrivateFrameworks/DiskImages.framework/Versions/A/DiskImages
0x00007fff533c4000 	/System/Library/PrivateFrameworks/LoginUIKit.framework/Versions/A/Frameworks/LoginUICore.framework/Versions/A/LoginUICore
0x00007fff64677000 	/usr/lib/libCoreStorage.dylib
0x00007fff657ed000 	/usr/lib/libcsfde.dylib
0x00007fff66a6c000 	/usr/lib/libodfde.dylib
0x00007fff53eb0000 	/System/Library/PrivateFrameworks/MediaKit.framework/Versions/A/MediaKit
0x00007fff2ff46000 	/System/Library/Frameworks/DiscRecording.framework/Versions/A/DiscRecording
0x00007fff48324000 	/System/Library/PrivateFrameworks/EFILogin.framework/Versions/A/EFILogin
0x00007fff597ad000 	/System/Library/PrivateFrameworks/ProtectedCloudStorage.framework/Versions/A/ProtectedCloudStorage
0x00007fff65861000 	/usr/lib/libcurl.4.dylib
0x00007fff656e6000 	/usr/lib/libcrypto.44.dylib
0x00007fff66e91000 	/usr/lib/libssl.46.dylib
0x00007fff3265b000 	/System/Library/Frameworks/LDAP.framework/Versions/A/LDAP
0x00007fff5ebb4000 	/System/Library/PrivateFrameworks/TrustEvaluationAgent.framework/Versions/A/TrustEvaluationAgent
0x00007fff66b9e000 	/usr/lib/libsasl2.2.dylib
0x00007fff457b0000 	/System/Library/PrivateFrameworks/CoreDaemon.framework/Versions/B/CoreDaemon
0x00007fff419e8000 	/System/Library/PrivateFrameworks/AppleSRP.framework/Versions/A/AppleSRP
0x00007fff43bcb000 	/System/Library/PrivateFrameworks/CloudDocs.framework/Versions/A/CloudDocs
0x00007fff5d9f0000 	/System/Library/PrivateFrameworks/SpotlightIndex.framework/Versions/A/SpotlightIndex
0x00007fff5891e000 	/System/Library/PrivateFrameworks/PowerLog.framework/Versions/A/PowerLog


VM Arguments:
jvm_args: -Dgroovy.jaxb=jaxb -Dscript.name=/usr/local/Cellar/groovy/3.0.5/libexec/bin/groovyConsole -Dprogram.name=groovyConsole -Dgroovy.starter.conf=/usr/local/opt/groovy/libexec/conf/groovy-starter.conf -Dgroovy.home=/usr/local/opt/groovy/libexec -Dtools.jar=/usr/local/opt/openjdk/libexec/openjdk.jdk/Contents/Home/lib/tools.jar 
java_command: org.codehaus.groovy.tools.GroovyStarter --main groovy.console.ui.Console --conf /usr/local/opt/groovy/libexec/conf/groovy-starter.conf --classpath .
java_class_path (initial): /usr/local/opt/groovy/libexec/lib/groovy-3.0.5.jar
Launcher Type: SUN_STANDARD

[Global flags]
     intx CICompilerCount                          = 3                                         {product} {ergonomic}
     uint ConcGCThreads                            = 1                                         {product} {ergonomic}
     uint G1ConcRefinementThreads                  = 4                                         {product} {ergonomic}
   size_t G1HeapRegionSize                         = 1048576                                   {product} {ergonomic}
    uintx GCDrainStackTargetSize                   = 64                                        {product} {ergonomic}
   size_t InitialHeapSize                          = 134217728                                 {product} {ergonomic}
   size_t MarkStackSize                            = 4194304                                   {product} {ergonomic}
   size_t MaxHeapSize                              = 2147483648                                {product} {ergonomic}
   size_t MaxNewSize                               = 1287651328                                {product} {ergonomic}
   size_t MinHeapDeltaBytes                        = 1048576                                   {product} {ergonomic}
   size_t MinHeapSize                              = 8388608                                   {product} {ergonomic}
    uintx NonNMethodCodeHeapSize                   = 5832780                                {pd product} {ergonomic}
    uintx NonProfiledCodeHeapSize                  = 122912730                              {pd product} {ergonomic}
    uintx ProfiledCodeHeapSize                     = 122912730                              {pd product} {ergonomic}
    uintx ReservedCodeCacheSize                    = 251658240                              {pd product} {ergonomic}
     bool SegmentedCodeCache                       = true                                      {product} {ergonomic}
   size_t SoftMaxHeapSize                          = 2147483648                             {manageable} {ergonomic}
     bool UseCompressedClassPointers               = true                                 {lp64_product} {ergonomic}
     bool UseCompressedOops                        = true                                 {lp64_product} {ergonomic}
     bool UseG1GC                                  = true                                      {product} {ergonomic}

Logging:
Log output configuration:
 #0: stdout all=warning uptime,level,tags
 #1: stderr all=off uptime,level,tags

Environment Variables:
JAVA_HOME=/usr/local/opt/openjdk/libexec/openjdk.jdk/Contents/Home
PATH=/Users/igor/.sdkman/candidates/groovy/current/bin:/usr/local/bin:/usr/bin:/bin:/usr/sbin:/sbin
SHELL=/bin/zsh

Signal Handlers:
SIGSEGV: [libjvm.dylib+0x7c63a6], sa_mask[0]=11111111011111110111111111111111, sa_flags=SA_ONSTACK|SA_RESTART|SA_SIGINFO
SIGBUS: [libjvm.dylib+0x7c63a6], sa_mask[0]=11111111011111110111111111111111, sa_flags=SA_RESTART|SA_SIGINFO
SIGFPE: [libjvm.dylib+0x7c63a6], sa_mask[0]=11111111011111110111111111111111, sa_flags=SA_RESTART|SA_SIGINFO
SIGPIPE: [libjvm.dylib+0x6078f5], sa_mask[0]=11111111011111110111111111111111, sa_flags=SA_RESTART|SA_SIGINFO
SIGXFSZ: [libjvm.dylib+0x6078f5], sa_mask[0]=11111111011111110111111111111111, sa_flags=SA_RESTART|SA_SIGINFO
SIGILL: [libjvm.dylib+0x7c63a6], sa_mask[0]=11111111011111110111111111111111, sa_flags=SA_RESTART|SA_SIGINFO
SIGUSR2: [libjvm.dylib+0x607eb4], sa_mask[0]=00000000000000000000000000000000, sa_flags=SA_RESTART|SA_SIGINFO
SIGHUP: [libjvm.dylib+0x606f23], sa_mask[0]=11111111011111110111111111111111, sa_flags=SA_RESTART|SA_SIGINFO
SIGINT: [libjvm.dylib+0x606f23], sa_mask[0]=11111111011111110111111111111111, sa_flags=SA_RESTART|SA_SIGINFO
SIGTERM: [libjvm.dylib+0x606f23], sa_mask[0]=11111111011111110111111111111111, sa_flags=SA_RESTART|SA_SIGINFO
SIGQUIT: [libjvm.dylib+0x606f23], sa_mask[0]=11111111011111110111111111111111, sa_flags=SA_RESTART|SA_SIGINFO


---------------  S Y S T E M  ---------------

OS:uname:Darwin 19.6.0 Darwin Kernel Version 19.6.0: Mon Aug 31 22:12:52 PDT 2020; root:xnu-6153.141.2~1/RELEASE_X86_64 x86_64
OS uptime: 3 days 9:04 hours
rlimit: STACK 8192k, CORE 0k, NPROC 1392, NOFILE 10240, AS infinity, DATA infinity, FSIZE infinity
load average:1.76 2.74 2.97

CPU:total 4 (initial active 4) (2 cores per cpu, 2 threads per core) family 6 model 61 stepping 4, cmov, cx8, fxsr, mmx, sse, sse2, sse3, ssse3, sse4.1, sse4.2, popcnt, avx, avx2, aes, clmul, erms, 3dnowpref, lzcnt, ht, tsc, tscinvbit, bmi1, bmi2, adx, fma

Memory: 4k page, physical 8388608k(1099460k free), swap 3145728k(1467392k free)

vm_info: OpenJDK 64-Bit Server VM (14.0.1+14) for bsd-amd64 JRE (14.0.1+14), built on Jun 30 2020 17:14:54 by "brew" with clang 4.2.1 Compatible Apple LLVM 11.0.3 (clang-1103.0.32.62)

END.
